Started GET "/" for ::1 at 2023-01-07 14:49:31 +0530
Processing by Rails::WelcomeController#index as HTML
  Rendering c:/Ruby31-x64/lib/ruby/gems/3.1.0/gems/railties-7.0.4/lib/rails/templates/rails/welcome/index.html.erb
  Rendered c:/Ruby31-x64/lib/ruby/gems/3.1.0/gems/railties-7.0.4/lib/rails/templates/rails/welcome/index.html.erb (Duration: 145.7ms | Allocations: 630)
Completed 200 OK in 1211ms (Views: 766.6ms | ActiveRecord: 0.0ms | Allocations: 10884)


  [1m[35m (147.0ms)[0m  [1m[35mCREATE TABLE "schema_migrations" ("version" varchar NOT NULL PRIMARY KEY)[0m
  [1m[35m (98.3ms)[0m  [1m[35mCREATE TABLE "ar_internal_metadata" ("key" varchar NOT NULL PRIMARY KEY, "value" varchar, "created_at" datetime(6) NOT NULL, "updated_at" datetime(6) NOT NULL)[0m
  [1m[36mActiveRecord::SchemaMigration Pluck (0.2ms)[0m  [1m[34mSELECT "schema_migrations"."version" FROM "schema_migrations" ORDER BY "schema_migrations"."version" ASC[0m
Migrating to CreateFriends (20230107092255)
  [1m[36mTRANSACTION (0.1ms)[0m  [1m[36mbegin transaction[0m
  [1m[35m (1.1ms)[0m  [1m[35mCREATE TABLE "friends" ("id" integer PRIMARY KEY AUTOINCREMENT NOT NULL, "name" varchar, "age" varchar, "created_at" datetime(6) NOT NULL, "updated_at" datetime(6) NOT NULL)[0m
  [1m[36mActiveRecord::SchemaMigration Create (0.2ms)[0m  [1m[32mINSERT INTO "schema_migrations" ("version") VALUES (?)[0m  [["version", "20230107092255"]]
  [1m[36mTRANSACTION (106.9ms)[0m  [1m[36mcommit transaction[0m
  [1m[36mActiveRecord::InternalMetadata Load (0.3ms)[0m  [1m[34mSELECT "ar_internal_metadata".* FROM "ar_internal_metadata" WHERE "ar_internal_metadata"."key" = ? LIMIT ?[0m  [["key", "environment"], ["LIMIT", 1]]
  [1m[36mTRANSACTION (0.1ms)[0m  [1m[36mbegin transaction[0m
  [1m[36mActiveRecord::InternalMetadata Create (1.1ms)[0m  [1m[32mINSERT INTO "ar_internal_metadata" ("key", "value", "created_at", "updated_at") VALUES (?, ?, ?, ?)[0m  [["key", "environment"], ["value", "development"], ["created_at", "2023-01-07 09:28:16.175315"], ["updated_at", "2023-01-07 09:28:16.175315"]]
  [1m[36mTRANSACTION (87.4ms)[0m  [1m[36mcommit transaction[0m
  [1m[36mActiveRecord::SchemaMigration Pluck (0.3ms)[0m  [1m[34mSELECT "schema_migrations"."version" FROM "schema_migrations" ORDER BY "schema_migrations"."version" ASC[0m
  [1m[36mActiveRecord::SchemaMigration Pluck (0.3ms)[0m  [1m[34mSELECT "schema_migrations"."version" FROM "schema_migrations" ORDER BY "schema_migrations"."version" ASC[0m
  [1m[36mTRANSACTION (0.1ms)[0m  [1m[36mbegin transaction[0m
  [1m[36mFriend Create (3.8ms)[0m  [1m[32mINSERT INTO "friends" ("name", "age", "created_at", "updated_at") VALUES (?, ?, ?, ?)[0m  [["name", "Nimitha"], ["age", "24"], ["created_at", "2023-01-07 09:28:50.699647"], ["updated_at", "2023-01-07 09:28:50.699647"]]
  [1m[36mTRANSACTION (107.1ms)[0m  [1m[36mcommit transaction[0m
  [1m[36mTRANSACTION (0.1ms)[0m  [1m[36mbegin transaction[0m
  [1m[36mFriend Create (1.3ms)[0m  [1m[32mINSERT INTO "friends" ("name", "age", "created_at", "updated_at") VALUES (?, ?, ?, ?)[0m  [["name", "Nimi"], ["age", "23"], ["created_at", "2023-01-07 09:28:50.816821"], ["updated_at", "2023-01-07 09:28:50.816821"]]
  [1m[36mTRANSACTION (102.1ms)[0m  [1m[36mcommit transaction[0m
  [1m[36mTRANSACTION (0.1ms)[0m  [1m[36mbegin transaction[0m
  [1m[36mFriend Create (1.2ms)[0m  [1m[32mINSERT INTO "friends" ("name", "age", "created_at", "updated_at") VALUES (?, ?, ?, ?)[0m  [["name", "haritha"], ["age", "25"], ["created_at", "2023-01-07 09:28:50.926689"], ["updated_at", "2023-01-07 09:28:50.926689"]]
  [1m[36mTRANSACTION (113.5ms)[0m  [1m[36mcommit transaction[0m
  [1m[36mTRANSACTION (0.1ms)[0m  [1m[36mbegin transaction[0m
  [1m[36mFriend Create (1.3ms)[0m  [1m[32mINSERT INTO "friends" ("name", "age", "created_at", "updated_at") VALUES (?, ?, ?, ?)[0m  [["name", "Shalima"], ["age", "21"], ["created_at", "2023-01-07 09:28:51.047082"], ["updated_at", "2023-01-07 09:28:51.047082"]]
  [1m[36mTRANSACTION (83.1ms)[0m  [1m[36mcommit transaction[0m
  [1m[36mTRANSACTION (0.1ms)[0m  [1m[36mbegin transaction[0m
  [1m[36mFriend Create (1.4ms)[0m  [1m[32mINSERT INTO "friends" ("name", "age", "created_at", "updated_at") VALUES (?, ?, ?, ?)[0m  [["name", "Reetha"], ["age", "22"], ["created_at", "2023-01-07 09:28:51.138009"], ["updated_at", "2023-01-07 09:28:51.138009"]]
  [1m[36mTRANSACTION (101.7ms)[0m  [1m[36mcommit transaction[0m
  [1m[36mFriend Load (0.2ms)[0m  [1m[34mSELECT "friends".* FROM "friends"[0m
  [1m[36mFriend Load (0.3ms)[0m  [1m[34mSELECT "friends".* FROM "friends" ORDER BY "friends"."id" ASC LIMIT ?[0m  [["LIMIT", 1]]
  [1m[36mFriend Load (0.3ms)[0m  [1m[34mSELECT "friends".* FROM "friends" ORDER BY "friends"."id" DESC LIMIT ?[0m  [["LIMIT", 1]]
  [1m[36mFriend Load (0.3ms)[0m  [1m[34mSELECT "friends".* FROM "friends" WHERE "friends"."id" = ? LIMIT ?[0m  [["id", 1], ["LIMIT", 1]]
  [1m[36mFriend Load (0.3ms)[0m  [1m[34mSELECT "friends".* FROM "friends" WHERE "friends"."name" = ? LIMIT ?[0m  [["name", "Nimitha"], ["LIMIT", 1]]
  [1m[36mTRANSACTION (0.1ms)[0m  [1m[36mbegin transaction[0m
  [1m[36mFriend Create (1.4ms)[0m  [1m[32mINSERT INTO "friends" ("name", "age", "created_at", "updated_at") VALUES (?, ?, ?, ?)[0m  [["name", "Dinesh"], ["age", "18"], ["created_at", "2023-01-07 09:35:18.797662"], ["updated_at", "2023-01-07 09:35:18.797662"]]
  [1m[36mTRANSACTION (144.5ms)[0m  [1m[36mcommit transaction[0m
Started GET "/" for ::1 at 2023-01-07 15:16:36 +0530
  [1m[36mActiveRecord::SchemaMigration Pluck (0.2ms)[0m  [1m[34mSELECT "schema_migrations"."version" FROM "schema_migrations" ORDER BY "schema_migrations"."version" ASC[0m
Processing by Rails::WelcomeController#index as HTML
  Rendering c:/Ruby31-x64/lib/ruby/gems/3.1.0/gems/railties-7.0.4/lib/rails/templates/rails/welcome/index.html.erb
  Rendered c:/Ruby31-x64/lib/ruby/gems/3.1.0/gems/railties-7.0.4/lib/rails/templates/rails/welcome/index.html.erb (Duration: 2.3ms | Allocations: 501)
Completed 200 OK in 25ms (Views: 9.5ms | ActiveRecord: 0.0ms | Allocations: 3601)


Started GET "/friends" for ::1 at 2023-01-07 15:17:00 +0530
Processing by FriendsController#index as HTML
  Rendering layout layouts/application.html.erb
  Rendering friends/index.html.erb within layouts/application
  Rendered friends/index.html.erb within layouts/application (Duration: 59.8ms | Allocations: 2696)
  Rendered layout layouts/application.html.erb (Duration: 61.1ms | Allocations: 2794)
Completed 500 Internal Server Error in 75ms (ActiveRecord: 0.0ms | Allocations: 4533)


  
ActionView::Template::Error (undefined method `each' for nil:NilClass

'.freeze; @students.each do |std| 
                   ^^^^^):
    1: <h1>Friends</h1>
    2: <ul>
    3: <% @students.each do |std| %>
    4: <li><%= link_to std.name, friend_path(std) %></li>
    5: <% end %>
    6: </ul>
  
app/views/friends/index.html.erb:3
Started GET "/friends" for ::1 at 2023-01-07 15:17:04 +0530
Processing by FriendsController#index as HTML
  Rendering layout layouts/application.html.erb
  Rendering friends/index.html.erb within layouts/application
  Rendered friends/index.html.erb within layouts/application (Duration: 8.3ms | Allocations: 1649)
  Rendered layout layouts/application.html.erb (Duration: 9.6ms | Allocations: 1727)
Completed 500 Internal Server Error in 18ms (ActiveRecord: 0.0ms | Allocations: 2041)


  
ActionView::Template::Error (undefined method `each' for nil:NilClass

'.freeze; @students.each do |std| 
                   ^^^^^):
    1: <h1>Friends</h1>
    2: <ul>
    3: <% @students.each do |std| %>
    4: <li><%= link_to std.name, friend_path(std) %></li>
    5: <% end %>
    6: </ul>
  
app/views/friends/index.html.erb:3
Started GET "/friends" for ::1 at 2023-01-07 15:17:07 +0530
Processing by FriendsController#index as HTML
  Rendering layout layouts/application.html.erb
  Rendering friends/index.html.erb within layouts/application
  Rendered friends/index.html.erb within layouts/application (Duration: 3.0ms | Allocations: 1626)
  Rendered layout layouts/application.html.erb (Duration: 5.0ms | Allocations: 1703)
Completed 500 Internal Server Error in 12ms (ActiveRecord: 0.0ms | Allocations: 1966)


  
ActionView::Template::Error (undefined method `each' for nil:NilClass

'.freeze; @students.each do |std| 
                   ^^^^^):
    1: <h1>Friends</h1>
    2: <ul>
    3: <% @students.each do |std| %>
    4: <li><%= link_to std.name, friend_path(std) %></li>
    5: <% end %>
    6: </ul>
  
app/views/friends/index.html.erb:3
Started GET "/friends" for ::1 at 2023-01-07 15:18:17 +0530
Processing by FriendsController#index as HTML
  Rendering layout layouts/application.html.erb
  Rendering friends/index.html.erb within layouts/application
  [1m[36mFriend Load (0.5ms)[0m  [1m[34mSELECT "friends".* FROM "friends"[0m
  ↳ app/views/friends/index.html.erb:3
  Rendered friends/index.html.erb within layouts/application (Duration: 115.5ms | Allocations: 11681)
  Rendered layout layouts/application.html.erb (Duration: 1597.2ms | Allocations: 73915)
Completed 500 Internal Server Error in 1606ms (ActiveRecord: 3.0ms | Allocations: 74711)


  
ActionView::Template::Error (Permission denied @ rb_file_s_rename - (f:/railsprojects/FriendsApp/tmp/cache/assets/sprockets/v4.0.0/Es/Esh1hYfrVSKukaw86wGCJQhzQ8Fpj1yHdizWguGWDDw.cache.23560.3032.174, f:/railsprojects/FriendsApp/tmp/cache/assets/sprockets/v4.0.0/Es/Esh1hYfrVSKukaw86wGCJQhzQ8Fpj1yHdizWguGWDDw.cache)):
  
sprockets (4.2.0) lib/sprockets/path_utils.rb:362:in `rename'
sprockets (4.2.0) lib/sprockets/path_utils.rb:362:in `atomic_write'
sprockets (4.2.0) lib/sprockets/cache/file_store.rb:112:in `set'
sprockets (4.2.0) lib/sprockets/cache.rb:227:in `set'
sprockets (4.2.0) lib/sprockets/cache.rb:143:in `set'
sprockets (4.2.0) lib/sprockets/loader.rb:266:in `store_asset'
sprockets (4.2.0) lib/sprockets/loader.rb:226:in `load_from_unloaded'
sprockets (4.2.0) lib/sprockets/loader.rb:59:in `block in load'
sprockets (4.2.0) lib/sprockets/loader.rb:337:in `fetch_asset_from_dependency_cache'
sprockets (4.2.0) lib/sprockets/loader.rb:43:in `load'
sprockets (4.2.0) lib/sprockets/cached_environment.rb:44:in `block in load'
concurrent-ruby (1.1.10) lib/concurrent-ruby/concurrent/map.rb:203:in `block in fetch_or_store'
concurrent-ruby (1.1.10) lib/concurrent-ruby/concurrent/map.rb:182:in `fetch'
concurrent-ruby (1.1.10) lib/concurrent-ruby/concurrent/map.rb:202:in `fetch_or_store'
sprockets (4.2.0) lib/sprockets/cached_environment.rb:44:in `load'
sprockets (4.2.0) lib/sprockets/base.rb:81:in `find_asset'
sprockets (4.2.0) lib/sprockets/base.rb:88:in `find_all_linked_assets'
sprockets (4.2.0) lib/sprockets/manifest.rb:125:in `each'
sprockets (4.2.0) lib/sprockets/manifest.rb:125:in `to_a'
sprockets (4.2.0) lib/sprockets/manifest.rb:125:in `block (2 levels) in find'
concurrent-ruby (1.1.10) lib/concurrent-ruby/concurrent/executor/safe_task_executor.rb:24:in `block in execute'
concurrent-ruby (1.1.10) lib/concurrent-ruby/concurrent/synchronization/mutex_lockable_object.rb:47:in `block in synchronize'
concurrent-ruby (1.1.10) lib/concurrent-ruby/concurrent/synchronization/mutex_lockable_object.rb:47:in `synchronize'
concurrent-ruby (1.1.10) lib/concurrent-ruby/concurrent/synchronization/mutex_lockable_object.rb:47:in `synchronize'
concurrent-ruby (1.1.10) lib/concurrent-ruby/concurrent/executor/safe_task_executor.rb:22:in `execute'
concurrent-ruby (1.1.10) lib/concurrent-ruby/concurrent/promise.rb:564:in `block in realize'
concurrent-ruby (1.1.10) lib/concurrent-ruby/concurrent/executor/ruby_thread_pool_executor.rb:352:in `run_task'
concurrent-ruby (1.1.10) lib/concurrent-ruby/concurrent/executor/ruby_thread_pool_executor.rb:343:in `block (3 levels) in create_worker'
concurrent-ruby (1.1.10) lib/concurrent-ruby/concurrent/executor/ruby_thread_pool_executor.rb:334:in `loop'
concurrent-ruby (1.1.10) lib/concurrent-ruby/concurrent/executor/ruby_thread_pool_executor.rb:334:in `block (2 levels) in create_worker'
concurrent-ruby (1.1.10) lib/concurrent-ruby/concurrent/executor/ruby_thread_pool_executor.rb:333:in `catch'
concurrent-ruby (1.1.10) lib/concurrent-ruby/concurrent/executor/ruby_thread_pool_executor.rb:333:in `block in create_worker'
Started GET "/friends" for ::1 at 2023-01-07 15:18:24 +0530
Processing by FriendsController#index as HTML
  Rendering layout layouts/application.html.erb
  Rendering friends/index.html.erb within layouts/application
  [1m[36mFriend Load (0.6ms)[0m  [1m[34mSELECT "friends".* FROM "friends"[0m
  ↳ app/views/friends/index.html.erb:3
  Rendered friends/index.html.erb within layouts/application (Duration: 11.7ms | Allocations: 851)
  Rendered layout layouts/application.html.erb (Duration: 146.3ms | Allocations: 33972)
Completed 200 OK in 151ms (Views: 147.2ms | ActiveRecord: 0.6ms | Allocations: 34306)


Started GET "/friends/1" for ::1 at 2023-01-07 15:18:27 +0530
Processing by FriendsController#show as HTML
  Parameters: {"id"=>"1"}
  Rendering layout layouts/application.html.erb
  Rendering friends/show.html.erb within layouts/application
  Rendered friends/show.html.erb within layouts/application (Duration: 1.8ms | Allocations: 88)
  Rendered layout layouts/application.html.erb (Duration: 15.7ms | Allocations: 2580)
Completed 200 OK in 22ms (Views: 18.4ms | ActiveRecord: 0.0ms | Allocations: 2911)


Started GET "/friends/2" for ::1 at 2023-01-07 15:18:30 +0530
Processing by FriendsController#show as HTML
  Parameters: {"id"=>"2"}
  Rendering layout layouts/application.html.erb
  Rendering friends/show.html.erb within layouts/application
  Rendered friends/show.html.erb within layouts/application (Duration: 0.2ms | Allocations: 7)
  Rendered layout layouts/application.html.erb (Duration: 15.7ms | Allocations: 2466)
Completed 200 OK in 22ms (Views: 18.7ms | ActiveRecord: 0.0ms | Allocations: 2749)


Started GET "/friends/3" for ::1 at 2023-01-07 15:18:33 +0530
Processing by FriendsController#show as HTML
  Parameters: {"id"=>"3"}
  Rendering layout layouts/application.html.erb
  Rendering friends/show.html.erb within layouts/application
  Rendered friends/show.html.erb within layouts/application (Duration: 0.1ms | Allocations: 7)
  Rendered layout layouts/application.html.erb (Duration: 14.9ms | Allocations: 2460)
Completed 200 OK in 20ms (Views: 17.3ms | ActiveRecord: 0.0ms | Allocations: 2737)


Started GET "/friends/4" for ::1 at 2023-01-07 15:18:35 +0530
Processing by FriendsController#show as HTML
  Parameters: {"id"=>"4"}
  Rendering layout layouts/application.html.erb
  Rendering friends/show.html.erb within layouts/application
  Rendered friends/show.html.erb within layouts/application (Duration: 0.2ms | Allocations: 7)
  Rendered layout layouts/application.html.erb (Duration: 16.9ms | Allocations: 2464)
Completed 200 OK in 22ms (Views: 18.9ms | ActiveRecord: 0.0ms | Allocations: 2741)


Started GET "/friends/5" for ::1 at 2023-01-07 15:18:37 +0530
Processing by FriendsController#show as HTML
  Parameters: {"id"=>"5"}
  Rendering layout layouts/application.html.erb
  Rendering friends/show.html.erb within layouts/application
  Rendered friends/show.html.erb within layouts/application (Duration: 0.1ms | Allocations: 7)
  Rendered layout layouts/application.html.erb (Duration: 17.1ms | Allocations: 2446)
Completed 200 OK in 22ms (Views: 19.3ms | ActiveRecord: 0.0ms | Allocations: 2723)


Started GET "/friends/5" for ::1 at 2023-01-07 15:18:39 +0530
Processing by FriendsController#show as HTML
  Parameters: {"id"=>"5"}
  Rendering layout layouts/application.html.erb
  Rendering friends/show.html.erb within layouts/application
  Rendered friends/show.html.erb within layouts/application (Duration: 0.2ms | Allocations: 7)
  Rendered layout layouts/application.html.erb (Duration: 16.1ms | Allocations: 2465)
Completed 200 OK in 21ms (Views: 18.2ms | ActiveRecord: 0.0ms | Allocations: 2742)


Started GET "/friends" for ::1 at 2023-01-07 15:21:36 +0530
Processing by FriendsController#index as HTML
  Rendering layout layouts/application.html.erb
  Rendering friends/index.html.erb within layouts/application
  [1m[36mFriend Load (0.3ms)[0m  [1m[34mSELECT "friends".* FROM "friends"[0m
  ↳ app/views/friends/index.html.erb:3
  Rendered friends/index.html.erb within layouts/application (Duration: 19.3ms | Allocations: 2922)
  Rendered layout layouts/application.html.erb (Duration: 59.4ms | Allocations: 17379)
Completed 200 OK in 73ms (Views: 64.2ms | ActiveRecord: 4.8ms | Allocations: 18979)


Started GET "/friends/1" for ::1 at 2023-01-07 15:21:39 +0530
Processing by FriendsController#show as HTML
  Parameters: {"id"=>"1"}
  [1m[36mFriend Load (0.3ms)[0m  [1m[34mSELECT "friends".* FROM "friends" WHERE "friends"."id" = ? LIMIT ?[0m  [["id", 1], ["LIMIT", 1]]
  ↳ app/controllers/friends_controller.rb:7:in `show'
  Rendering layout layouts/application.html.erb
  Rendering friends/show.html.erb within layouts/application
  Rendered friends/show.html.erb within layouts/application (Duration: 1.2ms | Allocations: 148)
  Rendered layout layouts/application.html.erb (Duration: 17.1ms | Allocations: 2790)
Completed 200 OK in 33ms (Views: 19.1ms | ActiveRecord: 0.3ms | Allocations: 5566)


Started GET "/friends/2" for ::1 at 2023-01-07 15:21:42 +0530
Processing by FriendsController#show as HTML
  Parameters: {"id"=>"2"}
  [1m[36mFriend Load (0.3ms)[0m  [1m[34mSELECT "friends".* FROM "friends" WHERE "friends"."id" = ? LIMIT ?[0m  [["id", 2], ["LIMIT", 1]]
  ↳ app/controllers/friends_controller.rb:7:in `show'
  Rendering layout layouts/application.html.erb
  Rendering friends/show.html.erb within layouts/application
  Rendered friends/show.html.erb within layouts/application (Duration: 0.3ms | Allocations: 11)
  Rendered layout layouts/application.html.erb (Duration: 16.6ms | Allocations: 2441)
Completed 200 OK in 29ms (Views: 19.3ms | ActiveRecord: 0.3ms | Allocations: 3192)


Started GET "/friends/3" for ::1 at 2023-01-07 15:21:44 +0530
Processing by FriendsController#show as HTML
  Parameters: {"id"=>"3"}
  [1m[36mFriend Load (0.3ms)[0m  [1m[34mSELECT "friends".* FROM "friends" WHERE "friends"."id" = ? LIMIT ?[0m  [["id", 3], ["LIMIT", 1]]
  ↳ app/controllers/friends_controller.rb:7:in `show'
  Rendering layout layouts/application.html.erb
  Rendering friends/show.html.erb within layouts/application
  Rendered friends/show.html.erb within layouts/application (Duration: 0.4ms | Allocations: 11)
  Rendered layout layouts/application.html.erb (Duration: 16.5ms | Allocations: 2447)
Completed 200 OK in 28ms (Views: 19.5ms | ActiveRecord: 0.3ms | Allocations: 3202)


Started GET "/friends/4" for ::1 at 2023-01-07 15:21:46 +0530
Processing by FriendsController#show as HTML
  Parameters: {"id"=>"4"}
  [1m[36mFriend Load (0.6ms)[0m  [1m[34mSELECT "friends".* FROM "friends" WHERE "friends"."id" = ? LIMIT ?[0m  [["id", 4], ["LIMIT", 1]]
  ↳ app/controllers/friends_controller.rb:7:in `show'
  Rendering layout layouts/application.html.erb
  Rendering friends/show.html.erb within layouts/application
  Rendered friends/show.html.erb within layouts/application (Duration: 0.3ms | Allocations: 11)
  Rendered layout layouts/application.html.erb (Duration: 17.1ms | Allocations: 2459)
Completed 200 OK in 30ms (Views: 20.1ms | ActiveRecord: 0.6ms | Allocations: 3208)


Started GET "/friends/6" for ::1 at 2023-01-07 15:21:48 +0530
Processing by FriendsController#show as HTML
  Parameters: {"id"=>"6"}
  [1m[36mFriend Load (0.3ms)[0m  [1m[34mSELECT "friends".* FROM "friends" WHERE "friends"."id" = ? LIMIT ?[0m  [["id", 6], ["LIMIT", 1]]
  ↳ app/controllers/friends_controller.rb:7:in `show'
  Rendering layout layouts/application.html.erb
  Rendering friends/show.html.erb within layouts/application
  Rendered friends/show.html.erb within layouts/application (Duration: 0.3ms | Allocations: 11)
  Rendered layout layouts/application.html.erb (Duration: 19.3ms | Allocations: 2465)
Completed 200 OK in 31ms (Views: 21.2ms | ActiveRecord: 0.3ms | Allocations: 3208)


Started GET "/friends" for ::1 at 2023-01-07 15:26:54 +0530
Processing by FriendsController#index as HTML
  Rendering layout layouts/application.html.erb
  Rendering friends/index.html.erb within layouts/application
  [1m[36mFriend Load (0.3ms)[0m  [1m[34mSELECT "friends".* FROM "friends"[0m
  ↳ app/views/friends/index.html.erb:3
  Rendered friends/index.html.erb within layouts/application (Duration: 19.8ms | Allocations: 2869)
  Rendered layout layouts/application.html.erb (Duration: 60.8ms | Allocations: 17392)
Completed 200 OK in 72ms (Views: 65.5ms | ActiveRecord: 5.6ms | Allocations: 18992)


Started GET "/friends/new" for ::1 at 2023-01-07 15:27:37 +0530
Processing by FriendsController#new as HTML
  Rendering layout layouts/application.html.erb
  Rendering friends/new.html.erb within layouts/application
  Rendered friends/new.html.erb within layouts/application (Duration: 2.2ms | Allocations: 1145)
  Rendered layout layouts/application.html.erb (Duration: 4.3ms | Allocations: 1223)
Completed 500 Internal Server Error in 16ms (ActiveRecord: 0.0ms | Allocations: 1613)


  
ActionView::SyntaxErrorInTemplate (Encountered a syntax error while rendering template: check <h1>Create a Friend</h1>
<%= form_with model: @Friend do |f| %>
<%= f.text_field :name, placeholder: "Enter your name" %><br>
<%= f.text_field :age, placeholder: "Enter your age" %><br>
<%= f.submit%>

):
1:    <h1>Create a Friend</h1>
2:    <%= form_with model: @Friend do |f| %>
3:    <%= f.text_field :name, placeholder: "Enter your name" %><br>
4:    <%= f.text_field :age, placeholder: "Enter your age" %><br>
5:    <%= f.submit%>
  
app/views/friends/new.html.erb:8: syntax error, unexpected end-of-input, expecting `end'
app/views/friends/new.html.erb:8: syntax error, unexpected end-of-input, expecting `end'
app/views/friends/new.html.erb:8: syntax error, unexpected end-of-input, expecting `end'
app/views/friends/new.html.erb:8: syntax error, unexpected end-of-input, expecting `end'
app/views/friends/new.html.erb:8: syntax error, unexpected end-of-input, expecting `end'
app/views/friends/new.html.erb:8: syntax error, unexpected end-of-input, expecting `end'
Started GET "/friends/new" for ::1 at 2023-01-07 15:28:07 +0530
Processing by FriendsController#new as HTML
  Rendering layout layouts/application.html.erb
  Rendering friends/new.html.erb within layouts/application
  Rendered friends/new.html.erb within layouts/application (Duration: 558.0ms | Allocations: 10864)
  Rendered layout layouts/application.html.erb (Duration: 590.0ms | Allocations: 13561)
Completed 200 OK in 604ms (Views: 597.2ms | ActiveRecord: 0.0ms | Allocations: 14375)


Started GET "/friends/new" for ::1 at 2023-01-07 15:28:18 +0530
Processing by FriendsController#new as HTML
  Rendering layout layouts/application.html.erb
  Rendering friends/new.html.erb within layouts/application
  Rendered friends/new.html.erb within layouts/application (Duration: 7.8ms | Allocations: 1941)
  Rendered layout layouts/application.html.erb (Duration: 17.7ms | Allocations: 4595)
Completed 200 OK in 26ms (Views: 22.5ms | ActiveRecord: 0.0ms | Allocations: 5468)


Started GET "/friends/new" for ::1 at 2023-01-07 15:28:47 +0530
Processing by FriendsController#new as HTML
  Rendering layout layouts/application.html.erb
  Rendering friends/new.html.erb within layouts/application
  Rendered friends/new.html.erb within layouts/application (Duration: 6.0ms | Allocations: 1936)
  Rendered layout layouts/application.html.erb (Duration: 18.8ms | Allocations: 4590)
Completed 200 OK in 32ms (Views: 25.7ms | ActiveRecord: 0.0ms | Allocations: 5436)


Started GET "/friends/new" for ::1 at 2023-01-07 15:29:50 +0530
Processing by FriendsController#new as HTML
  Rendering layout layouts/application.html.erb
  Rendering friends/new.html.erb within layouts/application
  Rendered friends/new.html.erb within layouts/application (Duration: 4.5ms | Allocations: 1862)
  Rendered layout layouts/application.html.erb (Duration: 18.2ms | Allocations: 4516)
Completed 200 OK in 27ms (Views: 22.7ms | ActiveRecord: 0.0ms | Allocations: 5362)


Started GET "/friends/new" for ::1 at 2023-01-07 15:29:51 +0530
Processing by FriendsController#new as HTML
  Rendering layout layouts/application.html.erb
  Rendering friends/new.html.erb within layouts/application
  Rendered friends/new.html.erb within layouts/application (Duration: 4.8ms | Allocations: 1509)
  Rendered layout layouts/application.html.erb (Duration: 17.4ms | Allocations: 3794)
Completed 200 OK in 24ms (Views: 19.3ms | ActiveRecord: 0.0ms | Allocations: 4110)


Started POST "/friends/new" for ::1 at 2023-01-07 15:29:53 +0530
  
ActionController::RoutingError (No route matches [POST] "/friends/new"):
  
Started GET "/friends/new" for ::1 at 2023-01-07 15:29:53 +0530
Processing by FriendsController#new as HTML
  Rendering layout layouts/application.html.erb
  Rendering friends/new.html.erb within layouts/application
  Rendered friends/new.html.erb within layouts/application (Duration: 2.4ms | Allocations: 1538)
  Rendered layout layouts/application.html.erb (Duration: 22.8ms | Allocations: 3938)
Completed 200 OK in 27ms (Views: 24.7ms | ActiveRecord: 0.0ms | Allocations: 4273)


Started POST "/friends/new" for ::1 at 2023-01-07 15:29:54 +0530
  
ActionController::RoutingError (No route matches [POST] "/friends/new"):
  
Started GET "/friends/new" for ::1 at 2023-01-07 15:29:54 +0530
Processing by FriendsController#new as HTML
  Rendering layout layouts/application.html.erb
  Rendering friends/new.html.erb within layouts/application
  Rendered friends/new.html.erb within layouts/application (Duration: 3.3ms | Allocations: 1508)
  Rendered layout layouts/application.html.erb (Duration: 17.7ms | Allocations: 3803)
Completed 200 OK in 22ms (Views: 19.7ms | ActiveRecord: 0.0ms | Allocations: 4092)


Started POST "/friends/new" for ::1 at 2023-01-07 15:29:57 +0530
  
ActionController::RoutingError (No route matches [POST] "/friends/new"):
  
Started GET "/friends/new" for ::1 at 2023-01-07 15:29:57 +0530
Processing by FriendsController#new as HTML
  Rendering layout layouts/application.html.erb
  Rendering friends/new.html.erb within layouts/application
  Rendered friends/new.html.erb within layouts/application (Duration: 5.4ms | Allocations: 1496)
  Rendered layout layouts/application.html.erb (Duration: 17.5ms | Allocations: 3791)
Completed 200 OK in 22ms (Views: 19.5ms | ActiveRecord: 0.0ms | Allocations: 4080)


Started POST "/friends/new" for ::1 at 2023-01-07 15:29:58 +0530
  
ActionController::RoutingError (No route matches [POST] "/friends/new"):
  
Started GET "/friends/new" for ::1 at 2023-01-07 15:29:58 +0530
Processing by FriendsController#new as HTML
  Rendering layout layouts/application.html.erb
  Rendering friends/new.html.erb within layouts/application
  Rendered friends/new.html.erb within layouts/application (Duration: 3.8ms | Allocations: 1510)
  Rendered layout layouts/application.html.erb (Duration: 19.0ms | Allocations: 3795)
Completed 200 OK in 24ms (Views: 20.9ms | ActiveRecord: 0.0ms | Allocations: 4084)


Started GET "/friends" for ::1 at 2023-01-07 15:30:02 +0530
Processing by FriendsController#index as HTML
  Rendering layout layouts/application.html.erb
  Rendering friends/index.html.erb within layouts/application
  [1m[36mFriend Load (0.6ms)[0m  [1m[34mSELECT "friends".* FROM "friends"[0m
  ↳ app/views/friends/index.html.erb:3
  Rendered friends/index.html.erb within layouts/application (Duration: 13.1ms | Allocations: 1004)
  Rendered layout layouts/application.html.erb (Duration: 27.2ms | Allocations: 3459)
Completed 200 OK in 32ms (Views: 28.0ms | ActiveRecord: 0.6ms | Allocations: 3801)


Started GET "/friends" for ::1 at 2023-01-07 15:35:04 +0530
Processing by FriendsController#index as HTML
  Rendering layout layouts/application.html.erb
  Rendering friends/index.html.erb within layouts/application
  [1m[36mFriend Load (0.3ms)[0m  [1m[34mSELECT "friends".* FROM "friends"[0m
  ↳ app/views/friends/index.html.erb:3
  Rendered friends/index.html.erb within layouts/application (Duration: 16.2ms | Allocations: 2747)
  Rendered layout layouts/application.html.erb (Duration: 51.9ms | Allocations: 17106)
Completed 200 OK in 61ms (Views: 54.0ms | ActiveRecord: 4.7ms | Allocations: 18388)


Started GET "/friends/new" for ::1 at 2023-01-07 15:35:11 +0530
Processing by FriendsController#new as HTML
  Rendering layout layouts/application.html.erb
  Rendering friends/new.html.erb within layouts/application
  Rendered friends/new.html.erb within layouts/application (Duration: 6.5ms | Allocations: 2006)
  Rendered layout layouts/application.html.erb (Duration: 19.5ms | Allocations: 4291)
Completed 200 OK in 24ms (Views: 22.1ms | ActiveRecord: 0.0ms | Allocations: 4618)


Started POST "/friends/new" for ::1 at 2023-01-07 15:35:23 +0530
  
ActionController::RoutingError (No route matches [POST] "/friends/new"):
  
Started GET "/friends/new" for ::1 at 2023-01-07 15:35:23 +0530
Processing by FriendsController#new as HTML
  Rendering layout layouts/application.html.erb
  Rendering friends/new.html.erb within layouts/application
  Rendered friends/new.html.erb within layouts/application (Duration: 4.3ms | Allocations: 1505)
  Rendered layout layouts/application.html.erb (Duration: 16.4ms | Allocations: 3800)
Completed 200 OK in 22ms (Views: 18.3ms | ActiveRecord: 0.0ms | Allocations: 4089)


Started GET "/friends" for ::1 at 2023-01-07 15:35:52 +0530
Processing by FriendsController#index as HTML
  Rendering layout layouts/application.html.erb
  Rendering friends/index.html.erb within layouts/application
  [1m[36mFriend Load (0.5ms)[0m  [1m[34mSELECT "friends".* FROM "friends"[0m
  ↳ app/views/friends/index.html.erb:3
  Rendered friends/index.html.erb within layouts/application (Duration: 12.7ms | Allocations: 794)
  Rendered layout layouts/application.html.erb (Duration: 26.8ms | Allocations: 3237)
Completed 200 OK in 31ms (Views: 28.3ms | ActiveRecord: 0.5ms | Allocations: 3526)


Started GET "/friends" for ::1 at 2023-01-07 15:36:05 +0530
Processing by FriendsController#index as HTML
  Rendering layout layouts/application.html.erb
  Rendering friends/index.html.erb within layouts/application
  [1m[36mFriend Load (0.5ms)[0m  [1m[34mSELECT "friends".* FROM "friends"[0m
  ↳ app/views/friends/index.html.erb:3
  Rendered friends/index.html.erb within layouts/application (Duration: 22.9ms | Allocations: 2747)
  Rendered layout layouts/application.html.erb (Duration: 93.1ms | Allocations: 17117)
Completed 200 OK in 111ms (Views: 97.7ms | ActiveRecord: 5.9ms | Allocations: 18399)


Started GET "/friends/new" for ::1 at 2023-01-07 15:36:11 +0530
Processing by FriendsController#new as HTML
  Rendering layout layouts/application.html.erb
  Rendering friends/new.html.erb within layouts/application
  Rendered friends/new.html.erb within layouts/application (Duration: 2.4ms | Allocations: 2019)
  Rendered layout layouts/application.html.erb (Duration: 17.6ms | Allocations: 4304)
Completed 200 OK in 24ms (Views: 19.3ms | ActiveRecord: 0.0ms | Allocations: 4631)


Started POST "/friends/new" for ::1 at 2023-01-07 15:36:20 +0530
  
ActionController::RoutingError (No route matches [POST] "/friends/new"):
  
Started GET "/friends/new" for ::1 at 2023-01-07 15:36:20 +0530
Processing by FriendsController#new as HTML
  Rendering layout layouts/application.html.erb
  Rendering friends/new.html.erb within layouts/application
  Rendered friends/new.html.erb within layouts/application (Duration: 6.9ms | Allocations: 1493)
  Rendered layout layouts/application.html.erb (Duration: 19.1ms | Allocations: 3788)
Completed 200 OK in 24ms (Views: 20.4ms | ActiveRecord: 0.0ms | Allocations: 4077)


Started GET "/friends" for ::1 at 2023-01-07 15:37:03 +0530
Processing by FriendsController#index as HTML
  Rendering layout layouts/application.html.erb
  Rendering friends/index.html.erb within layouts/application
  [1m[36mFriend Load (0.9ms)[0m  [1m[34mSELECT "friends".* FROM "friends"[0m
  ↳ app/views/friends/index.html.erb:3
  Rendered friends/index.html.erb within layouts/application (Duration: 32.8ms | Allocations: 2748)
  Rendered layout layouts/application.html.erb (Duration: 126.9ms | Allocations: 17158)
Completed 200 OK in 141ms (Views: 130.6ms | ActiveRecord: 5.2ms | Allocations: 18440)


Started GET "/friends" for ::1 at 2023-01-07 15:37:31 +0530
Processing by FriendsController#index as HTML
  Rendering layout layouts/application.html.erb
  Rendering friends/index.html.erb within layouts/application
  [1m[36mFriend Load (1.6ms)[0m  [1m[34mSELECT "friends".* FROM "friends"[0m
  ↳ app/views/friends/index.html.erb:3
  Rendered friends/index.html.erb within layouts/application (Duration: 11.0ms | Allocations: 1098)
  Rendered layout layouts/application.html.erb (Duration: 25.6ms | Allocations: 3991)
Completed 200 OK in 34ms (Views: 28.4ms | ActiveRecord: 1.6ms | Allocations: 4842)


Started GET "/friends/new" for ::1 at 2023-01-07 15:37:36 +0530
Processing by FriendsController#new as HTML
  Rendering layout layouts/application.html.erb
  Rendering friends/new.html.erb within layouts/application
  Rendered friends/new.html.erb within layouts/application (Duration: 7.5ms | Allocations: 875)
  Rendered layout layouts/application.html.erb (Duration: 24.4ms | Allocations: 3160)
Completed 200 OK in 31ms (Views: 26.1ms | ActiveRecord: 0.0ms | Allocations: 3540)


Started POST "/friends" for ::1 at 2023-01-07 15:37:52 +0530
Processing by FriendsController#create as TURBO_STREAM
  Parameters: {"authenticity_token"=>"[FILTERED]", "friend"=>{"name"=>"test1", "age"=>"12"}, "commit"=>"create"}
  [1m[36mTRANSACTION (0.1ms)[0m  [1m[36mbegin transaction[0m
  ↳ app/controllers/friends_controller.rb:15:in `create'
  [1m[36mFriend Create (2.5ms)[0m  [1m[32mINSERT INTO "friends" ("name", "age", "created_at", "updated_at") VALUES (?, ?, ?, ?)[0m  [["name", "test1"], ["age", "12"], ["created_at", "2023-01-07 10:07:52.186313"], ["updated_at", "2023-01-07 10:07:52.186313"]]
  ↳ app/controllers/friends_controller.rb:15:in `create'
  [1m[36mTRANSACTION (182.1ms)[0m  [1m[36mcommit transaction[0m
  ↳ app/controllers/friends_controller.rb:15:in `create'
Redirected to http://localhost:3000/friends
Completed 302 Found in 218ms (ActiveRecord: 184.7ms | Allocations: 3446)


Started GET "/friends" for ::1 at 2023-01-07 15:37:52 +0530
Processing by FriendsController#index as TURBO_STREAM
  Rendering layout layouts/application.html.erb
  Rendering friends/index.html.erb within layouts/application
  [1m[36mFriend Load (0.9ms)[0m  [1m[34mSELECT "friends".* FROM "friends"[0m
  ↳ app/views/friends/index.html.erb:3
  Rendered friends/index.html.erb within layouts/application (Duration: 10.1ms | Allocations: 835)
  Rendered layout layouts/application.html.erb (Duration: 23.0ms | Allocations: 3284)
Completed 200 OK in 28ms (Views: 23.7ms | ActiveRecord: 0.9ms | Allocations: 3615)


Started GET "/friends/7" for ::1 at 2023-01-07 15:37:55 +0530
Processing by FriendsController#show as HTML
  Parameters: {"id"=>"7"}
  [1m[36mFriend Load (0.3ms)[0m  [1m[34mSELECT "friends".* FROM "friends" WHERE "friends"."id" = ? LIMIT ?[0m  [["id", 7], ["LIMIT", 1]]
  ↳ app/controllers/friends_controller.rb:7:in `show'
  Rendering layout layouts/application.html.erb
  Rendering friends/show.html.erb within layouts/application
  Rendered friends/show.html.erb within layouts/application (Duration: 1.5ms | Allocations: 117)
  Rendered layout layouts/application.html.erb (Duration: 16.3ms | Allocations: 2551)
Completed 200 OK in 29ms (Views: 18.4ms | ActiveRecord: 0.3ms | Allocations: 3989)


Started GET "/friends/1" for ::1 at 2023-01-07 15:38:02 +0530
Processing by FriendsController#show as HTML
  Parameters: {"id"=>"1"}
  [1m[36mFriend Load (0.3ms)[0m  [1m[34mSELECT "friends".* FROM "friends" WHERE "friends"."id" = ? LIMIT ?[0m  [["id", 1], ["LIMIT", 1]]
  ↳ app/controllers/friends_controller.rb:7:in `show'
  Rendering layout layouts/application.html.erb
  Rendering friends/show.html.erb within layouts/application
  Rendered friends/show.html.erb within layouts/application (Duration: 0.3ms | Allocations: 11)
  Rendered layout layouts/application.html.erb (Duration: 17.2ms | Allocations: 2453)
Completed 200 OK in 29ms (Views: 19.4ms | ActiveRecord: 0.3ms | Allocations: 3196)


Started GET "/friends/1" for ::1 at 2023-01-07 15:40:47 +0530
Processing by FriendsController#show as HTML
  Parameters: {"id"=>"1"}
  [1m[36mFriend Load (0.2ms)[0m  [1m[34mSELECT "friends".* FROM "friends" WHERE "friends"."id" = ? LIMIT ?[0m  [["id", 1], ["LIMIT", 1]]
  ↳ app/controllers/friends_controller.rb:7:in `show'
  Rendering layout layouts/application.html.erb
  Rendering friends/show.html.erb within layouts/application
  Rendered friends/show.html.erb within layouts/application (Duration: 1.9ms | Allocations: 155)
  Rendered layout layouts/application.html.erb (Duration: 43.2ms | Allocations: 14696)
Completed 200 OK in 73ms (Views: 49.4ms | ActiveRecord: 2.1ms | Allocations: 19214)


Started GET "/friends/edit" for ::1 at 2023-01-07 15:40:55 +0530
Processing by FriendsController#show as HTML
  Parameters: {"id"=>"edit"}
  [1m[36mFriend Load (0.5ms)[0m  [1m[34mSELECT "friends".* FROM "friends" WHERE "friends"."id" = ? LIMIT ?[0m  [["id", nil], ["LIMIT", 1]]
  ↳ app/controllers/friends_controller.rb:7:in `show'
Completed 404 Not Found in 14ms (ActiveRecord: 0.5ms | Allocations: 988)


  
ActiveRecord::RecordNotFound (Couldn't find Friend with 'id'=edit):
  
app/controllers/friends_controller.rb:7:in `show'
Started GET "/friends/edit" for ::1 at 2023-01-07 15:41:02 +0530
Processing by FriendsController#show as HTML
  Parameters: {"id"=>"edit"}
  [1m[36mFriend Load (0.5ms)[0m  [1m[34mSELECT "friends".* FROM "friends" WHERE "friends"."id" = ? LIMIT ?[0m  [["id", nil], ["LIMIT", 1]]
  ↳ app/controllers/friends_controller.rb:7:in `show'
Completed 404 Not Found in 10ms (ActiveRecord: 0.5ms | Allocations: 905)


  
ActiveRecord::RecordNotFound (Couldn't find Friend with 'id'=edit):
  
app/controllers/friends_controller.rb:7:in `show'
Started GET "/friends/edit" for ::1 at 2023-01-07 15:43:23 +0530
  
SyntaxError (f:/railsprojects/FriendsApp/app/controllers/friends_controller.rb:32: syntax error, unexpected end-of-input, expecting `end'):
  
app/controllers/friends_controller.rb:32: syntax error, unexpected end-of-input, expecting `end'
app/controllers/friends_controller.rb:32: syntax error, unexpected end-of-input, expecting `end'
app/controllers/friends_controller.rb:32: syntax error, unexpected end-of-input, expecting `end'
Started GET "/friends/new" for ::1 at 2023-01-07 15:43:53 +0530
Processing by FriendsController#new as HTML
  Rendering layout layouts/application.html.erb
  Rendering friends/new.html.erb within layouts/application
  Rendered friends/new.html.erb within layouts/application (Duration: 6.4ms | Allocations: 977)
  Rendered layout layouts/application.html.erb (Duration: 40.8ms | Allocations: 15107)
Completed 200 OK in 55ms (Views: 43.0ms | ActiveRecord: 1.6ms | Allocations: 18209)


Started POST "/friends" for ::1 at 2023-01-07 15:44:02 +0530
Processing by FriendsController#create as TURBO_STREAM
  Parameters: {"authenticity_token"=>"[FILTERED]", "friend"=>{"name"=>"test2", "age"=>"27"}, "commit"=>"create"}
  [1m[36mTRANSACTION (0.1ms)[0m  [1m[36mbegin transaction[0m
  ↳ app/controllers/friends_controller.rb:15:in `create'
  [1m[36mFriend Create (2.5ms)[0m  [1m[32mINSERT INTO "friends" ("name", "age", "created_at", "updated_at") VALUES (?, ?, ?, ?)[0m  [["name", "test2"], ["age", "27"], ["created_at", "2023-01-07 10:14:02.397021"], ["updated_at", "2023-01-07 10:14:02.397021"]]
  ↳ app/controllers/friends_controller.rb:15:in `create'
  [1m[36mTRANSACTION (131.0ms)[0m  [1m[36mcommit transaction[0m
  ↳ app/controllers/friends_controller.rb:15:in `create'
Redirected to http://localhost:3000/friends
Completed 302 Found in 159ms (ActiveRecord: 133.6ms | Allocations: 2483)


Started GET "/friends" for ::1 at 2023-01-07 15:44:02 +0530
Processing by FriendsController#index as TURBO_STREAM
  Rendering layout layouts/application.html.erb
  Rendering friends/index.html.erb within layouts/application
  [1m[36mFriend Load (1.1ms)[0m  [1m[34mSELECT "friends".* FROM "friends"[0m
  ↳ app/views/friends/index.html.erb:3
  Rendered friends/index.html.erb within layouts/application (Duration: 11.0ms | Allocations: 1135)
  Rendered layout layouts/application.html.erb (Duration: 26.3ms | Allocations: 3593)
Completed 200 OK in 33ms (Views: 26.9ms | ActiveRecord: 1.1ms | Allocations: 4060)


Started GET "/friends" for ::1 at 2023-01-07 15:50:44 +0530
Processing by FriendsController#index as HTML
  Rendering layout layouts/application.html.erb
  Rendering friends/index.html.erb within layouts/application
  Rendered friends/index.html.erb within layouts/application (Duration: 1.6ms | Allocations: 1126)
  Rendered layout layouts/application.html.erb (Duration: 5.2ms | Allocations: 1213)
Completed 500 Internal Server Error in 25ms (Allocations: 2787)


  
ActionView::SyntaxErrorInTemplate (Encountered a syntax error while rendering template: check <table border>
<% @friends.each do |frnd| %>
<tr>
    <td><%= link_to frnd.name, friend_path(frnd) %></td>
    <td><%= button_to "edit", edit_friend_path(frnd), method: 'get' %></td>
    <td><%= button_to "remove", friends_path(frnd), method: 'delete' %></td>

</tr>
<%= link_to "Add a new friend", new_friend_path %>
):
1:    <table border>
2:    <% @friends.each do |frnd| %>
3:    <tr>
4:        <td><%= link_to frnd.name, friend_path(frnd) %></td>
5:        <td><%= button_to "edit", edit_friend_path(frnd), method: 'get' %></td>
6:        <td><%= button_to "remove", friends_path(frnd), method: 'delete' %></td>
7:    
8:    </tr>
9:    <%= link_to "Add a new friend", new_friend_path %>
  
app/views/friends/index.html.erb:11: syntax error, unexpected end-of-input, expecting `end'
app/views/friends/index.html.erb:11: syntax error, unexpected end-of-input, expecting `end'
app/views/friends/index.html.erb:11: syntax error, unexpected end-of-input, expecting `end'
app/views/friends/index.html.erb:11: syntax error, unexpected end-of-input, expecting `end'
app/views/friends/index.html.erb:11: syntax error, unexpected end-of-input, expecting `end'
app/views/friends/index.html.erb:11: syntax error, unexpected end-of-input, expecting `end'
Started GET "/friends" for ::1 at 2023-01-07 15:51:14 +0530
Processing by FriendsController#index as HTML
  Rendering layout layouts/application.html.erb
  Rendering friends/index.html.erb within layouts/application
  Rendered friends/index.html.erb within layouts/application (Duration: 2.9ms | Allocations: 1187)
  Rendered layout layouts/application.html.erb (Duration: 4.8ms | Allocations: 1274)
Completed 500 Internal Server Error in 19ms (Allocations: 2071)


  
ActionView::SyntaxErrorInTemplate (Encountered a syntax error while rendering template: check <table border>
<% @friends.each do |frnd| %>
<tr>
    <td><%= link_to frnd.name, friend_path(frnd) %></td>
    <td><%= button_to "edit", edit_friend_path(frnd), method: 'get' %></td>
    <td><%= button_to "remove", friends_path(frnd), method: 'delete' %></td>

</tr>
<%= end %>
<%= link_to "Add a new friend", new_friend_path %>
):
1:    <table border>
2:    <% @friends.each do |frnd| %>
3:    <tr>
4:        <td><%= link_to frnd.name, friend_path(frnd) %></td>
5:        <td><%= button_to "edit", edit_friend_path(frnd), method: 'get' %></td>
6:        <td><%= button_to "remove", friends_path(frnd), method: 'delete' %></td>
7:    
8:    </tr>
9:    <%= end %>
10:    <%= link_to "Add a new friend", new_friend_path %>
  
app/views/friends/index.html.erb:9: syntax error, unexpected `end'
app/views/friends/index.html.erb:12: syntax error, unexpected `end', expecting ')'
app/views/friends/index.html.erb:9: syntax error, unexpected `end'
app/views/friends/index.html.erb:12: syntax error, unexpected `end', expecting ')'
app/views/friends/index.html.erb:9: syntax error, unexpected `end'
app/views/friends/index.html.erb:12: syntax error, unexpected `end', expecting ')'
app/views/friends/index.html.erb:9: syntax error, unexpected `end'
app/views/friends/index.html.erb:12: syntax error, unexpected `end', expecting ')'
app/views/friends/index.html.erb:9: syntax error, unexpected `end'
app/views/friends/index.html.erb:12: syntax error, unexpected `end', expecting ')'
app/views/friends/index.html.erb:9: syntax error, unexpected `end'
app/views/friends/index.html.erb:12: syntax error, unexpected `end', expecting ')'
Started GET "/friends" for ::1 at 2023-01-07 15:51:27 +0530
Processing by FriendsController#index as HTML
  Rendering layout layouts/application.html.erb
  Rendering friends/index.html.erb within layouts/application
  [1m[36mFriend Load (0.2ms)[0m  [1m[34mSELECT "friends".* FROM "friends"[0m
  ↳ app/views/friends/index.html.erb:2
  Rendered friends/index.html.erb within layouts/application (Duration: 22.5ms | Allocations: 5437)
  Rendered layout layouts/application.html.erb (Duration: 69.0ms | Allocations: 19739)
Completed 200 OK in 79ms (Views: 74.8ms | ActiveRecord: 1.3ms | Allocations: 20570)


Started GET "/friends/8/edit" for ::1 at 2023-01-07 15:51:32 +0530
Processing by FriendsController#edit as HTML
  Parameters: {"id"=>"8"}
  [1m[36mFriend Load (0.4ms)[0m  [1m[34mSELECT "friends".* FROM "friends" WHERE "friends"."id" = ? LIMIT ?[0m  [["id", 8], ["LIMIT", 1]]
  ↳ app/controllers/friends_controller.rb:20:in `edit'
  Rendering layout layouts/application.html.erb
  Rendering friends/edit.html.erb within layouts/application
  Rendered friends/edit.html.erb within layouts/application (Duration: 3.5ms | Allocations: 882)
  Rendered layout layouts/application.html.erb (Duration: 16.9ms | Allocations: 3159)
Completed 200 OK in 32ms (Views: 19.8ms | ActiveRecord: 0.4ms | Allocations: 4640)


Started PATCH "/friends/8" for ::1 at 2023-01-07 15:51:38 +0530
Processing by FriendsController#update as TURBO_STREAM
  Parameters: {"authenticity_token"=>"[FILTERED]", "friend"=>{"name"=>"test2", "age"=>"29"}, "commit"=>"Edit", "id"=>"8"}
  [1m[36mFriend Load (0.2ms)[0m  [1m[34mSELECT "friends".* FROM "friends" WHERE "friends"."id" = ? LIMIT ?[0m  [["id", 8], ["LIMIT", 1]]
  ↳ app/controllers/friends_controller.rb:24:in `update'
  [1m[36mTRANSACTION (0.1ms)[0m  [1m[36mbegin transaction[0m
  ↳ app/controllers/friends_controller.rb:25:in `update'
  [1m[36mFriend Update (2.1ms)[0m  [1m[33mUPDATE "friends" SET "age" = ?, "updated_at" = ? WHERE "friends"."id" = ?[0m  [["age", "29"], ["updated_at", "2023-01-07 10:21:38.662360"], ["id", 8]]
  ↳ app/controllers/friends_controller.rb:25:in `update'
  [1m[36mTRANSACTION (166.0ms)[0m  [1m[36mcommit transaction[0m
  ↳ app/controllers/friends_controller.rb:25:in `update'
Redirected to http://localhost:3000/friends
Completed 302 Found in 202ms (ActiveRecord: 168.3ms | Allocations: 3057)


Started GET "/friends" for ::1 at 2023-01-07 15:51:38 +0530
Processing by FriendsController#index as TURBO_STREAM
  Rendering layout layouts/application.html.erb
  Rendering friends/index.html.erb within layouts/application
  [1m[36mFriend Load (0.8ms)[0m  [1m[34mSELECT "friends".* FROM "friends"[0m
  ↳ app/views/friends/index.html.erb:2
  Rendered friends/index.html.erb within layouts/application (Duration: 18.3ms | Allocations: 3559)
  Rendered layout layouts/application.html.erb (Duration: 29.1ms | Allocations: 5844)
Completed 200 OK in 34ms (Views: 29.8ms | ActiveRecord: 0.8ms | Allocations: 6174)


Started GET "/friends/7" for ::1 at 2023-01-07 15:51:42 +0530
Processing by FriendsController#show as HTML
  Parameters: {"id"=>"7"}
  [1m[36mFriend Load (0.3ms)[0m  [1m[34mSELECT "friends".* FROM "friends" WHERE "friends"."id" = ? LIMIT ?[0m  [["id", 7], ["LIMIT", 1]]
  ↳ app/controllers/friends_controller.rb:7:in `show'
  Rendering layout layouts/application.html.erb
  Rendering friends/show.html.erb within layouts/application
  Rendered friends/show.html.erb within layouts/application (Duration: 1.6ms | Allocations: 117)
  Rendered layout layouts/application.html.erb (Duration: 16.0ms | Allocations: 2556)
Completed 200 OK in 29ms (Views: 18.5ms | ActiveRecord: 0.3ms | Allocations: 3353)


Started GET "/friends/8" for ::1 at 2023-01-07 15:51:44 +0530
Processing by FriendsController#show as HTML
  Parameters: {"id"=>"8"}
  [1m[36mFriend Load (0.3ms)[0m  [1m[34mSELECT "friends".* FROM "friends" WHERE "friends"."id" = ? LIMIT ?[0m  [["id", 8], ["LIMIT", 1]]
  ↳ app/controllers/friends_controller.rb:7:in `show'
  Rendering layout layouts/application.html.erb
  Rendering friends/show.html.erb within layouts/application
  Rendered friends/show.html.erb within layouts/application (Duration: 0.6ms | Allocations: 11)
  Rendered layout layouts/application.html.erb (Duration: 17.7ms | Allocations: 2456)
Completed 200 OK in 29ms (Views: 20.7ms | ActiveRecord: 0.3ms | Allocations: 3199)


Started DELETE "/friends.8" for ::1 at 2023-01-07 15:52:05 +0530
  
ActionController::RoutingError (No route matches [DELETE] "/friends.8"):
  
Started DELETE "/friends.8" for ::1 at 2023-01-07 15:53:06 +0530
  
ActionController::RoutingError (No route matches [DELETE] "/friends.8"):
  
Started GET "/friends" for ::1 at 2023-01-07 15:53:09 +0530
Processing by FriendsController#index as HTML
  Rendering layout layouts/application.html.erb
  Rendering friends/index.html.erb within layouts/application
  Rendered friends/index.html.erb within layouts/application (Duration: 2.1ms | Allocations: 1182)
  Rendered layout layouts/application.html.erb (Duration: 4.4ms | Allocations: 1269)
Completed 500 Internal Server Error in 19ms (ActiveRecord: 0.0ms | Allocations: 2017)


  
ActionView::SyntaxErrorInTemplate (Encountered a syntax error while rendering template: check <table border>
<% @friends.each do |frnd| %>
<tr>
    <td><%= link_to frnd.name, friend_path(frnd) %></td>
    <td><%= button_to "edit", edit_friend_path(frnd), method: 'get' %></td>
    <td><%= button_to "remove", s method: 'delete' %></td>

</tr>
<% end %>
<%= link_to "Add a new friend", new_friend_path %>
):
1:    <table border>
2:    <% @friends.each do |frnd| %>
3:    <tr>
4:        <td><%= link_to frnd.name, friend_path(frnd) %></td>
5:        <td><%= button_to "edit", edit_friend_path(frnd), method: 'get' %></td>
6:        <td><%= button_to "remove", s method: 'delete' %></td>
7:    
8:    </tr>
9:    <% end %>
10:    <%= link_to "Add a new friend", new_friend_path %>
  
app/views/friends/index.html.erb:6: syntax error, unexpected label, expecting `do' or '{' or '('
app/views/friends/index.html.erb:6: syntax error, unexpected label, expecting `do' or '{' or '('
app/views/friends/index.html.erb:6: syntax error, unexpected label, expecting `do' or '{' or '('
app/views/friends/index.html.erb:6: syntax error, unexpected label, expecting `do' or '{' or '('
app/views/friends/index.html.erb:6: syntax error, unexpected label, expecting `do' or '{' or '('
app/views/friends/index.html.erb:6: syntax error, unexpected label, expecting `do' or '{' or '('
Started GET "/friends" for ::1 at 2023-01-07 15:53:27 +0530
Processing by FriendsController#index as HTML
  Rendering layout layouts/application.html.erb
  Rendering friends/index.html.erb within layouts/application
  [1m[36mFriend Load (0.3ms)[0m  [1m[34mSELECT "friends".* FROM "friends"[0m
  ↳ app/views/friends/index.html.erb:2
  Rendered friends/index.html.erb within layouts/application (Duration: 16.8ms | Allocations: 4429)
  Rendered layout layouts/application.html.erb (Duration: 30.7ms | Allocations: 7088)
Completed 200 OK in 40ms (Views: 35.1ms | ActiveRecord: 0.3ms | Allocations: 7914)


Started POST "/friends?method=delete" for ::1 at 2023-01-07 15:53:29 +0530
Processing by FriendsController#create as TURBO_STREAM
  Parameters: {"authenticity_token"=>"[FILTERED]", "method"=>"delete"}
Completed 400 Bad Request in 5ms (ActiveRecord: 0.0ms | Allocations: 742)


  
ActionController::ParameterMissing (param is missing or the value is empty: friend):
  
app/controllers/friends_controller.rb:37:in `friend_params'
app/controllers/friends_controller.rb:15:in `create'
Started GET "/friends" for ::1 at 2023-01-07 15:53:30 +0530
Processing by FriendsController#index as HTML
  Rendering layout layouts/application.html.erb
  Rendering friends/index.html.erb within layouts/application
  [1m[36mFriend Load (0.5ms)[0m  [1m[34mSELECT "friends".* FROM "friends"[0m
  ↳ app/views/friends/index.html.erb:2
  Rendered friends/index.html.erb within layouts/application (Duration: 15.7ms | Allocations: 3482)
  Rendered layout layouts/application.html.erb (Duration: 27.1ms | Allocations: 5777)
Completed 200 OK in 32ms (Views: 28.1ms | ActiveRecord: 0.5ms | Allocations: 6083)


Started POST "/friends?method=delete" for ::1 at 2023-01-07 15:53:32 +0530
Processing by FriendsController#create as TURBO_STREAM
  Parameters: {"authenticity_token"=>"[FILTERED]", "method"=>"delete"}
Completed 400 Bad Request in 6ms (ActiveRecord: 0.0ms | Allocations: 695)


  
ActionController::ParameterMissing (param is missing or the value is empty: friend):
  
app/controllers/friends_controller.rb:37:in `friend_params'
app/controllers/friends_controller.rb:15:in `create'
Started GET "/friends" for ::1 at 2023-01-07 15:53:32 +0530
Processing by FriendsController#index as HTML
  Rendering layout layouts/application.html.erb
  Rendering friends/index.html.erb within layouts/application
  [1m[36mFriend Load (1.2ms)[0m  [1m[34mSELECT "friends".* FROM "friends"[0m
  ↳ app/views/friends/index.html.erb:2
  Rendered friends/index.html.erb within layouts/application (Duration: 17.5ms | Allocations: 3482)
  Rendered layout layouts/application.html.erb (Duration: 28.5ms | Allocations: 5777)
Completed 200 OK in 33ms (Views: 29.1ms | ActiveRecord: 1.2ms | Allocations: 6064)


Started POST "/friends?method=delete" for ::1 at 2023-01-07 16:01:30 +0530
Processing by FriendsController#create as TURBO_STREAM
  Parameters: {"authenticity_token"=>"[FILTERED]", "method"=>"delete"}
Completed 400 Bad Request in 5ms (Allocations: 718)


  
ActionController::ParameterMissing (param is missing or the value is empty: friend):
  
app/controllers/friends_controller.rb:37:in `friend_params'
app/controllers/friends_controller.rb:15:in `create'
Started GET "/friends" for ::1 at 2023-01-07 16:01:30 +0530
Processing by FriendsController#index as HTML
  Rendering layout layouts/application.html.erb
  Rendering friends/index.html.erb within layouts/application
  [1m[36mFriend Load (0.4ms)[0m  [1m[34mSELECT "friends".* FROM "friends"[0m
  ↳ app/views/friends/index.html.erb:2
  Rendered friends/index.html.erb within layouts/application (Duration: 18.9ms | Allocations: 4004)
  Rendered layout layouts/application.html.erb (Duration: 31.9ms | Allocations: 6663)
Completed 200 OK in 41ms (Views: 36.5ms | ActiveRecord: 2.9ms | Allocations: 7427)


Started DELETE "/friends" for ::1 at 2023-01-07 16:01:31 +0530
  
ActionController::RoutingError (No route matches [DELETE] "/friends"):
  
Started GET "/friends" for ::1 at 2023-01-07 16:01:31 +0530
Processing by FriendsController#index as HTML
  Rendering layout layouts/application.html.erb
  Rendering friends/index.html.erb within layouts/application
  [1m[36mFriend Load (0.4ms)[0m  [1m[34mSELECT "friends".* FROM "friends"[0m
  ↳ app/views/friends/index.html.erb:2
  Rendered friends/index.html.erb within layouts/application (Duration: 17.0ms | Allocations: 3378)
  Rendered layout layouts/application.html.erb (Duration: 28.2ms | Allocations: 5673)
Completed 200 OK in 33ms (Views: 29.7ms | ActiveRecord: 0.4ms | Allocations: 5984)


Started DELETE "/friends" for ::1 at 2023-01-07 16:01:33 +0530
  
ActionController::RoutingError (No route matches [DELETE] "/friends"):
  
Started GET "/friends" for ::1 at 2023-01-07 16:01:33 +0530
Processing by FriendsController#index as HTML
  Rendering layout layouts/application.html.erb
  Rendering friends/index.html.erb within layouts/application
  [1m[36mFriend Load (0.8ms)[0m  [1m[34mSELECT "friends".* FROM "friends"[0m
  ↳ app/views/friends/index.html.erb:2
  Rendered friends/index.html.erb within layouts/application (Duration: 16.8ms | Allocations: 3378)
  Rendered layout layouts/application.html.erb (Duration: 28.1ms | Allocations: 5673)
Completed 200 OK in 35ms (Views: 29.9ms | ActiveRecord: 0.8ms | Allocations: 5960)


Started GET "/friends" for ::1 at 2023-01-07 16:01:34 +0530
Processing by FriendsController#index as HTML
  Rendering layout layouts/application.html.erb
  Rendering friends/index.html.erb within layouts/application
  [1m[36mFriend Load (0.6ms)[0m  [1m[34mSELECT "friends".* FROM "friends"[0m
  ↳ app/views/friends/index.html.erb:2
  Rendered friends/index.html.erb within layouts/application (Duration: 17.7ms | Allocations: 3375)
  Rendered layout layouts/application.html.erb (Duration: 28.8ms | Allocations: 5660)
Completed 200 OK in 33ms (Views: 29.7ms | ActiveRecord: 0.6ms | Allocations: 5947)


Started GET "/friends" for ::1 at 2023-01-07 16:02:36 +0530
Processing by FriendsController#index as HTML
  Rendering layout layouts/application.html.erb
  Rendering friends/index.html.erb within layouts/application
  [1m[36mFriend Load (1.1ms)[0m  [1m[34mSELECT "friends".* FROM "friends"[0m
  ↳ app/views/friends/index.html.erb:2
  Rendered friends/index.html.erb within layouts/application (Duration: 49.8ms | Allocations: 5443)
  Rendered layout layouts/application.html.erb (Duration: 144.8ms | Allocations: 19577)
Completed 200 OK in 153ms (Views: 147.2ms | ActiveRecord: 5.3ms | Allocations: 20860)


Started DELETE "/friends" for ::1 at 2023-01-07 16:02:40 +0530
  
ActionController::RoutingError (No route matches [DELETE] "/friends"):
  
Started GET "/friends" for ::1 at 2023-01-07 16:02:40 +0530
Processing by FriendsController#index as HTML
  Rendering layout layouts/application.html.erb
  Rendering friends/index.html.erb within layouts/application
  [1m[36mFriend Load (0.4ms)[0m  [1m[34mSELECT "friends".* FROM "friends"[0m
  ↳ app/views/friends/index.html.erb:2
  Rendered friends/index.html.erb within layouts/application (Duration: 16.4ms | Allocations: 3381)
  Rendered layout layouts/application.html.erb (Duration: 26.6ms | Allocations: 5666)
Completed 200 OK in 32ms (Views: 28.2ms | ActiveRecord: 0.4ms | Allocations: 5978)


Started DELETE "/friends" for ::1 at 2023-01-07 16:02:42 +0530
  
ActionController::RoutingError (No route matches [DELETE] "/friends"):
  
Started GET "/friends" for ::1 at 2023-01-07 16:02:42 +0530
Processing by FriendsController#index as HTML
  Rendering layout layouts/application.html.erb
  Rendering friends/index.html.erb within layouts/application
  [1m[36mFriend Load (0.5ms)[0m  [1m[34mSELECT "friends".* FROM "friends"[0m
  ↳ app/views/friends/index.html.erb:2
  Rendered friends/index.html.erb within layouts/application (Duration: 16.5ms | Allocations: 3375)
  Rendered layout layouts/application.html.erb (Duration: 26.3ms | Allocations: 5670)
Completed 200 OK in 32ms (Views: 27.4ms | ActiveRecord: 0.5ms | Allocations: 5957)


Started GET "/friends/8/edit" for ::1 at 2023-01-07 16:03:25 +0530
Processing by FriendsController#edit as HTML
  Parameters: {"id"=>"8"}
  [1m[36mFriend Load (0.3ms)[0m  [1m[34mSELECT "friends".* FROM "friends" WHERE "friends"."id" = ? LIMIT ?[0m  [["id", 8], ["LIMIT", 1]]
  ↳ app/controllers/friends_controller.rb:20:in `edit'
  Rendering layout layouts/application.html.erb
  Rendering friends/edit.html.erb within layouts/application
  Rendered friends/edit.html.erb within layouts/application (Duration: 6.8ms | Allocations: 1065)
  Rendered layout layouts/application.html.erb (Duration: 18.5ms | Allocations: 3342)
Completed 200 OK in 35ms (Views: 20.8ms | ActiveRecord: 0.3ms | Allocations: 4797)


Started GET "/friends/1" for ::1 at 2023-01-07 16:03:32 +0530
Processing by FriendsController#show as HTML
  Parameters: {"id"=>"1"}
  [1m[36mFriend Load (0.2ms)[0m  [1m[34mSELECT "friends".* FROM "friends" WHERE "friends"."id" = ? LIMIT ?[0m  [["id", 1], ["LIMIT", 1]]
  ↳ app/controllers/friends_controller.rb:7:in `show'
  Rendering layout layouts/application.html.erb
  Rendering friends/show.html.erb within layouts/application
  Rendered friends/show.html.erb within layouts/application (Duration: 1.3ms | Allocations: 116)
  Rendered layout layouts/application.html.erb (Duration: 17.4ms | Allocations: 2540)
Completed 200 OK in 29ms (Views: 19.4ms | ActiveRecord: 0.2ms | Allocations: 3337)


Started GET "/friends/new" for ::1 at 2023-01-07 16:03:37 +0530
Processing by FriendsController#new as HTML
  Rendering layout layouts/application.html.erb
  Rendering friends/new.html.erb within layouts/application
  Rendered friends/new.html.erb within layouts/application (Duration: 3.8ms | Allocations: 731)
  Rendered layout layouts/application.html.erb (Duration: 15.4ms | Allocations: 3016)
Completed 200 OK in 21ms (Views: 17.0ms | ActiveRecord: 0.0ms | Allocations: 3396)


Started POST "/friends" for ::1 at 2023-01-07 16:03:52 +0530
Processing by FriendsController#create as TURBO_STREAM
  Parameters: {"authenticity_token"=>"[FILTERED]", "friend"=>{"name"=>"Shilpa", "age"=>"28"}, "commit"=>"create"}
  [1m[36mTRANSACTION (0.2ms)[0m  [1m[36mbegin transaction[0m
  ↳ app/controllers/friends_controller.rb:15:in `create'
  [1m[36mFriend Create (1.3ms)[0m  [1m[32mINSERT INTO "friends" ("name", "age", "created_at", "updated_at") VALUES (?, ?, ?, ?)[0m  [["name", "Shilpa"], ["age", "28"], ["created_at", "2023-01-07 10:33:52.162297"], ["updated_at", "2023-01-07 10:33:52.162297"]]
  ↳ app/controllers/friends_controller.rb:15:in `create'
  [1m[36mTRANSACTION (140.9ms)[0m  [1m[36mcommit transaction[0m
  ↳ app/controllers/friends_controller.rb:15:in `create'
Redirected to http://localhost:3000/friends
Completed 302 Found in 172ms (ActiveRecord: 142.4ms | Allocations: 2381)


Started GET "/friends" for ::1 at 2023-01-07 16:03:52 +0530
Processing by FriendsController#index as TURBO_STREAM
  Rendering layout layouts/application.html.erb
  Rendering friends/index.html.erb within layouts/application
  [1m[36mFriend Load (0.3ms)[0m  [1m[34mSELECT "friends".* FROM "friends"[0m
  ↳ app/views/friends/index.html.erb:2
  Rendered friends/index.html.erb within layouts/application (Duration: 15.3ms | Allocations: 3721)
  Rendered layout layouts/application.html.erb (Duration: 25.0ms | Allocations: 6006)
Completed 200 OK in 30ms (Views: 27.2ms | ActiveRecord: 0.3ms | Allocations: 6335)


Started DELETE "/friends" for ::1 at 2023-01-07 16:03:56 +0530
  
ActionController::RoutingError (No route matches [DELETE] "/friends"):
  
Started GET "/friends" for ::1 at 2023-01-07 16:03:56 +0530
Processing by FriendsController#index as HTML
  Rendering layout layouts/application.html.erb
  Rendering friends/index.html.erb within layouts/application
  [1m[36mFriend Load (0.6ms)[0m  [1m[34mSELECT "friends".* FROM "friends"[0m
  ↳ app/views/friends/index.html.erb:2
  Rendered friends/index.html.erb within layouts/application (Duration: 15.9ms | Allocations: 3721)
  Rendered layout layouts/application.html.erb (Duration: 27.0ms | Allocations: 6009)
Completed 200 OK in 32ms (Views: 28.3ms | ActiveRecord: 0.6ms | Allocations: 6296)


Started DELETE "/friends" for ::1 at 2023-01-07 16:03:57 +0530
  
ActionController::RoutingError (No route matches [DELETE] "/friends"):
  
Started GET "/friends" for ::1 at 2023-01-07 16:03:57 +0530
Processing by FriendsController#index as HTML
  Rendering layout layouts/application.html.erb
  Rendering friends/index.html.erb within layouts/application
  [1m[36mFriend Load (0.4ms)[0m  [1m[34mSELECT "friends".* FROM "friends"[0m
  ↳ app/views/friends/index.html.erb:2
  Rendered friends/index.html.erb within layouts/application (Duration: 14.8ms | Allocations: 3700)
  Rendered layout layouts/application.html.erb (Duration: 26.5ms | Allocations: 5995)
Completed 200 OK in 33ms (Views: 28.4ms | ActiveRecord: 0.4ms | Allocations: 6282)


Started GET "/friends" for ::1 at 2023-01-07 16:05:17 +0530
Processing by FriendsController#index as HTML
  Rendering layout layouts/application.html.erb
  Rendering friends/index.html.erb within layouts/application
  [1m[36mFriend Load (1.0ms)[0m  [1m[34mSELECT "friends".* FROM "friends"[0m
  ↳ app/views/friends/index.html.erb:2
  Rendered friends/index.html.erb within layouts/application (Duration: 16.1ms | Allocations: 3744)
  Rendered layout layouts/application.html.erb (Duration: 29.0ms | Allocations: 6393)
Completed 200 OK in 40ms (Views: 33.4ms | ActiveRecord: 1.0ms | Allocations: 7195)


Started POST "/friends" for ::1 at 2023-01-07 16:05:19 +0530
Processing by FriendsController#create as TURBO_STREAM
  Parameters: {"authenticity_token"=>"[FILTERED]"}
Completed 400 Bad Request in 6ms (ActiveRecord: 0.0ms | Allocations: 749)


  
ActionController::ParameterMissing (param is missing or the value is empty: friend):
  
app/controllers/friends_controller.rb:37:in `friend_params'
app/controllers/friends_controller.rb:15:in `create'
Started GET "/friends" for ::1 at 2023-01-07 16:05:19 +0530
Processing by FriendsController#index as HTML
  Rendering layout layouts/application.html.erb
  Rendering friends/index.html.erb within layouts/application
  [1m[36mFriend Load (0.6ms)[0m  [1m[34mSELECT "friends".* FROM "friends"[0m
  ↳ app/views/friends/index.html.erb:2
  Rendered friends/index.html.erb within layouts/application (Duration: 16.1ms | Allocations: 3298)
  Rendered layout layouts/application.html.erb (Duration: 25.7ms | Allocations: 5593)
Completed 200 OK in 32ms (Views: 26.7ms | ActiveRecord: 0.6ms | Allocations: 5899)


Started POST "/friends" for ::1 at 2023-01-07 16:05:20 +0530
Processing by FriendsController#create as TURBO_STREAM
  Parameters: {"authenticity_token"=>"[FILTERED]"}
Completed 400 Bad Request in 7ms (ActiveRecord: 0.0ms | Allocations: 717)


  
ActionController::ParameterMissing (param is missing or the value is empty: friend):
  
app/controllers/friends_controller.rb:37:in `friend_params'
app/controllers/friends_controller.rb:15:in `create'
Started GET "/friends" for ::1 at 2023-01-07 16:05:20 +0530
Processing by FriendsController#index as HTML
  Rendering layout layouts/application.html.erb
  Rendering friends/index.html.erb within layouts/application
  [1m[36mFriend Load (0.4ms)[0m  [1m[34mSELECT "friends".* FROM "friends"[0m
  ↳ app/views/friends/index.html.erb:2
  Rendered friends/index.html.erb within layouts/application (Duration: 15.7ms | Allocations: 3304)
  Rendered layout layouts/application.html.erb (Duration: 27.5ms | Allocations: 5599)
Completed 200 OK in 32ms (Views: 28.7ms | ActiveRecord: 0.4ms | Allocations: 5886)


Started POST "/friends" for ::1 at 2023-01-07 16:05:21 +0530
Processing by FriendsController#create as TURBO_STREAM
  Parameters: {"authenticity_token"=>"[FILTERED]"}
Completed 400 Bad Request in 4ms (ActiveRecord: 0.0ms | Allocations: 729)


  
ActionController::ParameterMissing (param is missing or the value is empty: friend):
  
app/controllers/friends_controller.rb:37:in `friend_params'
app/controllers/friends_controller.rb:15:in `create'
Started GET "/friends" for ::1 at 2023-01-07 16:05:21 +0530
Processing by FriendsController#index as HTML
  Rendering layout layouts/application.html.erb
  Rendering friends/index.html.erb within layouts/application
  [1m[36mFriend Load (0.6ms)[0m  [1m[34mSELECT "friends".* FROM "friends"[0m
  ↳ app/views/friends/index.html.erb:2
  Rendered friends/index.html.erb within layouts/application (Duration: 16.9ms | Allocations: 3316)
  Rendered layout layouts/application.html.erb (Duration: 29.7ms | Allocations: 5611)
Completed 200 OK in 36ms (Views: 31.2ms | ActiveRecord: 0.6ms | Allocations: 5898)


Started GET "/friends" for ::1 at 2023-01-07 16:08:03 +0530
Processing by FriendsController#index as HTML
  Rendering layout layouts/application.html.erb
  Rendering friends/index.html.erb within layouts/application
  [1m[36mFriend Load (0.3ms)[0m  [1m[34mSELECT "friends".* FROM "friends"[0m
  ↳ app/views/friends/index.html.erb:2
  Rendered friends/index.html.erb within layouts/application (Duration: 18.2ms | Allocations: 4136)
  Rendered layout layouts/application.html.erb (Duration: 33.7ms | Allocations: 6785)
Completed 200 OK in 45ms (Views: 38.9ms | ActiveRecord: 0.3ms | Allocations: 7587)


Started DELETE "/friends" for ::1 at 2023-01-07 16:08:04 +0530
  
ActionController::RoutingError (No route matches [DELETE] "/friends"):
  
Started GET "/friends" for ::1 at 2023-01-07 16:08:04 +0530
Processing by FriendsController#index as HTML
  Rendering layout layouts/application.html.erb
  Rendering friends/index.html.erb within layouts/application
  [1m[36mFriend Load (0.6ms)[0m  [1m[34mSELECT "friends".* FROM "friends"[0m
  ↳ app/views/friends/index.html.erb:2
  Rendered friends/index.html.erb within layouts/application (Duration: 17.3ms | Allocations: 3712)
  Rendered layout layouts/application.html.erb (Duration: 27.9ms | Allocations: 5997)
Completed 200 OK in 32ms (Views: 29.1ms | ActiveRecord: 0.6ms | Allocations: 6307)


Started DELETE "/friends" for ::1 at 2023-01-07 16:08:05 +0530
  
ActionController::RoutingError (No route matches [DELETE] "/friends"):
  
Started GET "/friends" for ::1 at 2023-01-07 16:08:05 +0530
Processing by FriendsController#index as HTML
  Rendering layout layouts/application.html.erb
  Rendering friends/index.html.erb within layouts/application
  [1m[36mFriend Load (0.9ms)[0m  [1m[34mSELECT "friends".* FROM "friends"[0m
  ↳ app/views/friends/index.html.erb:2
  Rendered friends/index.html.erb within layouts/application (Duration: 17.6ms | Allocations: 3736)
  Rendered layout layouts/application.html.erb (Duration: 28.9ms | Allocations: 6031)
Completed 200 OK in 35ms (Views: 29.5ms | ActiveRecord: 0.9ms | Allocations: 6318)


Started DELETE "/friends" for ::1 at 2023-01-07 16:10:47 +0530
  
ActionController::RoutingError (No route matches [DELETE] "/friends"):
  
Started GET "/friends" for ::1 at 2023-01-07 16:10:49 +0530
Processing by FriendsController#index as HTML
  Rendering layout layouts/application.html.erb
  Rendering friends/index.html.erb within layouts/application
  [1m[36mFriend Load (0.3ms)[0m  [1m[34mSELECT "friends".* FROM "friends"[0m
  ↳ app/views/friends/index.html.erb:2
  Rendered friends/index.html.erb within layouts/application (Duration: 26.5ms | Allocations: 5770)
  Rendered layout layouts/application.html.erb (Duration: 74.5ms | Allocations: 19890)
Completed 200 OK in 84ms (Views: 77.8ms | ActiveRecord: 3.6ms | Allocations: 21172)


Started DELETE "/friends" for ::1 at 2023-01-07 16:10:51 +0530
  
ActionController::RoutingError (No route matches [DELETE] "/friends"):
  
Started GET "/friends" for ::1 at 2023-01-07 16:10:51 +0530
Processing by FriendsController#index as HTML
  Rendering layout layouts/application.html.erb
  Rendering friends/index.html.erb within layouts/application
  [1m[36mFriend Load (0.5ms)[0m  [1m[34mSELECT "friends".* FROM "friends"[0m
  ↳ app/views/friends/index.html.erb:2
  Rendered friends/index.html.erb within layouts/application (Duration: 17.5ms | Allocations: 3718)
  Rendered layout layouts/application.html.erb (Duration: 28.1ms | Allocations: 6003)
Completed 200 OK in 33ms (Views: 29.6ms | ActiveRecord: 0.5ms | Allocations: 6315)


Started DELETE "/friends" for ::1 at 2023-01-07 16:10:55 +0530
  
ActionController::RoutingError (No route matches [DELETE] "/friends"):
  
Started GET "/friends" for ::1 at 2023-01-07 16:10:55 +0530
Processing by FriendsController#index as HTML
  Rendering layout layouts/application.html.erb
  Rendering friends/index.html.erb within layouts/application
  [1m[36mFriend Load (0.5ms)[0m  [1m[34mSELECT "friends".* FROM "friends"[0m
  ↳ app/views/friends/index.html.erb:2
  Rendered friends/index.html.erb within layouts/application (Duration: 17.1ms | Allocations: 3712)
  Rendered layout layouts/application.html.erb (Duration: 27.5ms | Allocations: 5997)
Completed 200 OK in 32ms (Views: 28.8ms | ActiveRecord: 0.5ms | Allocations: 6284)


Started DELETE "/friends" for ::1 at 2023-01-07 16:10:56 +0530
  
ActionController::RoutingError (No route matches [DELETE] "/friends"):
  
Started GET "/friends" for ::1 at 2023-01-07 16:10:56 +0530
Processing by FriendsController#index as HTML
  Rendering layout layouts/application.html.erb
  Rendering friends/index.html.erb within layouts/application
  [1m[36mFriend Load (0.4ms)[0m  [1m[34mSELECT "friends".* FROM "friends"[0m
  ↳ app/views/friends/index.html.erb:2
  Rendered friends/index.html.erb within layouts/application (Duration: 17.4ms | Allocations: 3712)
  Rendered layout layouts/application.html.erb (Duration: 27.1ms | Allocations: 6007)
Completed 200 OK in 34ms (Views: 28.7ms | ActiveRecord: 0.4ms | Allocations: 6294)


Started DELETE "/friends" for ::1 at 2023-01-07 16:10:57 +0530
  
ActionController::RoutingError (No route matches [DELETE] "/friends"):
  
Started GET "/friends" for ::1 at 2023-01-07 16:10:57 +0530
Processing by FriendsController#index as HTML
  Rendering layout layouts/application.html.erb
  Rendering friends/index.html.erb within layouts/application
  [1m[36mFriend Load (0.5ms)[0m  [1m[34mSELECT "friends".* FROM "friends"[0m
  ↳ app/views/friends/index.html.erb:2
  Rendered friends/index.html.erb within layouts/application (Duration: 16.0ms | Allocations: 3730)
  Rendered layout layouts/application.html.erb (Duration: 25.4ms | Allocations: 6019)
Completed 200 OK in 30ms (Views: 26.8ms | ActiveRecord: 0.5ms | Allocations: 6306)


Started GET "/friends/8" for ::1 at 2023-01-07 16:10:59 +0530
Processing by FriendsController#show as HTML
  Parameters: {"id"=>"8"}
  [1m[36mFriend Load (0.3ms)[0m  [1m[34mSELECT "friends".* FROM "friends" WHERE "friends"."id" = ? LIMIT ?[0m  [["id", 8], ["LIMIT", 1]]
  ↳ app/controllers/friends_controller.rb:7:in `show'
  Rendering layout layouts/application.html.erb
  Rendering friends/show.html.erb within layouts/application
  Rendered friends/show.html.erb within layouts/application (Duration: 1.7ms | Allocations: 118)
  Rendered layout layouts/application.html.erb (Duration: 16.1ms | Allocations: 2548)
Completed 200 OK in 31ms (Views: 18.3ms | ActiveRecord: 0.3ms | Allocations: 4003)


Started DELETE "/friends" for ::1 at 2023-01-07 16:11:02 +0530
  
ActionController::RoutingError (No route matches [DELETE] "/friends"):
  
Started GET "/friends" for ::1 at 2023-01-07 16:11:02 +0530
Processing by FriendsController#index as HTML
  Rendering layout layouts/application.html.erb
  Rendering friends/index.html.erb within layouts/application
  [1m[36mFriend Load (1.0ms)[0m  [1m[34mSELECT "friends".* FROM "friends"[0m
  ↳ app/views/friends/index.html.erb:2
  Rendered friends/index.html.erb within layouts/application (Duration: 13.9ms | Allocations: 3727)
  Rendered layout layouts/application.html.erb (Duration: 26.7ms | Allocations: 6018)
Completed 200 OK in 32ms (Views: 27.9ms | ActiveRecord: 1.0ms | Allocations: 6305)


Started GET "/friends" for ::1 at 2023-01-07 16:12:34 +0530
Processing by FriendsController#index as HTML
  Rendering layout layouts/application.html.erb
  Rendering friends/index.html.erb within layouts/application
  [1m[36mFriend Load (0.9ms)[0m  [1m[34mSELECT "friends".* FROM "friends"[0m
  ↳ app/views/friends/index.html.erb:2
  Rendered friends/index.html.erb within layouts/application (Duration: 18.9ms | Allocations: 4358)
  Rendered layout layouts/application.html.erb (Duration: 31.5ms | Allocations: 7007)
Completed 200 OK in 43ms (Views: 35.9ms | ActiveRecord: 0.9ms | Allocations: 7810)


Started DELETE "/friends.9" for ::1 at 2023-01-07 16:12:35 +0530
  
ActionController::RoutingError (No route matches [DELETE] "/friends.9"):
  
Started DELETE "/friends.8" for ::1 at 2023-01-07 16:12:41 +0530
  
ActionController::RoutingError (No route matches [DELETE] "/friends.8"):
  
Started DELETE "/friends.8" for ::1 at 2023-01-07 16:14:04 +0530
  
ActionController::RoutingError (No route matches [DELETE] "/friends.8"):
  
Started DELETE "/friends.9" for ::1 at 2023-01-07 16:14:06 +0530
  
ActionController::RoutingError (No route matches [DELETE] "/friends.9"):
  
Started DELETE "/friends.9" for ::1 at 2023-01-07 16:14:45 +0530
  
ActionController::RoutingError (No route matches [DELETE] "/friends.9"):
  
Started DELETE "/friends.8" for ::1 at 2023-01-07 16:15:08 +0530
  
ActionController::RoutingError (No route matches [DELETE] "/friends.8"):
  
Started GET "/friends" for ::1 at 2023-01-07 16:16:31 +0530
Processing by FriendsController#index as HTML
  Rendering layout layouts/application.html.erb
  Rendering friends/index.html.erb within layouts/application
  [1m[36mFriend Load (0.5ms)[0m  [1m[34mSELECT "friends".* FROM "friends"[0m
  ↳ app/views/friends/index.html.erb:2
  Rendered friends/index.html.erb within layouts/application (Duration: 17.9ms | Allocations: 4381)
  Rendered layout layouts/application.html.erb (Duration: 29.4ms | Allocations: 7040)
Completed 200 OK in 41ms (Views: 36.4ms | ActiveRecord: 0.5ms | Allocations: 7865)


Started DELETE "/friends.9" for ::1 at 2023-01-07 16:16:33 +0530
  
ActionController::RoutingError (No route matches [DELETE] "/friends.9"):
  
Started DELETE "/friends.9" for ::1 at 2023-01-07 16:24:41 +0530
  
ActionController::RoutingError (No route matches [DELETE] "/friends.9"):
  
Started GET "/friends" for ::1 at 2023-01-07 16:24:52 +0530
Processing by FriendsController#index as HTML
  Rendering layout layouts/application.html.erb
  Rendering friends/index.html.erb within layouts/application
  [1m[36mFriend Load (0.7ms)[0m  [1m[34mSELECT "friends".* FROM "friends"[0m
  ↳ app/views/friends/index.html.erb:2
  Rendered friends/index.html.erb within layouts/application (Duration: 18.5ms | Allocations: 5612)
  Rendered layout layouts/application.html.erb (Duration: 61.6ms | Allocations: 19751)
Completed 200 OK in 69ms (Views: 63.6ms | ActiveRecord: 2.6ms | Allocations: 21033)


Started GET "/friends" for ::1 at 2023-01-07 16:25:05 +0530
Processing by FriendsController#index as HTML
  Rendering layout layouts/application.html.erb
  Rendering friends/index.html.erb within layouts/application
  [1m[36mFriend Load (0.4ms)[0m  [1m[34mSELECT "friends".* FROM "friends"[0m
  ↳ app/views/friends/index.html.erb:2
  Rendered friends/index.html.erb within layouts/application (Duration: 18.0ms | Allocations: 3919)
  Rendered layout layouts/application.html.erb (Duration: 29.8ms | Allocations: 6207)
Completed 200 OK in 35ms (Views: 31.1ms | ActiveRecord: 0.4ms | Allocations: 6519)


Started DELETE "/friends.9" for ::1 at 2023-01-07 16:25:07 +0530
  
ActionController::RoutingError (No route matches [DELETE] "/friends.9"):
  
Started GET "/friends/9" for ::1 at 2023-01-07 16:25:19 +0530
Processing by FriendsController#show as HTML
  Parameters: {"id"=>"9"}
  [1m[36mFriend Load (0.2ms)[0m  [1m[34mSELECT "friends".* FROM "friends" WHERE "friends"."id" = ? LIMIT ?[0m  [["id", 9], ["LIMIT", 1]]
  ↳ app/controllers/friends_controller.rb:7:in `show'
  Rendering layout layouts/application.html.erb
  Rendering friends/show.html.erb within layouts/application
  Rendered friends/show.html.erb within layouts/application (Duration: 2.1ms | Allocations: 118)
  Rendered layout layouts/application.html.erb (Duration: 19.5ms | Allocations: 2557)
Completed 200 OK in 38ms (Views: 23.5ms | ActiveRecord: 0.2ms | Allocations: 4010)


Started GET "/friends" for ::1 at 2023-01-07 16:25:56 +0530
Processing by FriendsController#index as HTML
  Rendering layout layouts/application.html.erb
  Rendering friends/index.html.erb within layouts/application
  [1m[36mFriend Load (0.7ms)[0m  [1m[34mSELECT "friends".* FROM "friends"[0m
  ↳ app/views/friends/index.html.erb:2
  Rendered friends/index.html.erb within layouts/application (Duration: 19.1ms | Allocations: 4157)
  Rendered layout layouts/application.html.erb (Duration: 30.9ms | Allocations: 6806)
Completed 200 OK in 39ms (Views: 34.8ms | ActiveRecord: 0.7ms | Allocations: 7609)


Started DELETE "/friends" for ::1 at 2023-01-07 16:25:58 +0530
  
ActionController::RoutingError (No route matches [DELETE] "/friends"):
  
Started GET "/friends" for ::1 at 2023-01-07 16:25:58 +0530
Processing by FriendsController#index as HTML
  Rendering layout layouts/application.html.erb
  Rendering friends/index.html.erb within layouts/application
  [1m[36mFriend Load (0.3ms)[0m  [1m[34mSELECT "friends".* FROM "friends"[0m
  ↳ app/views/friends/index.html.erb:2
  Rendered friends/index.html.erb within layouts/application (Duration: 16.7ms | Allocations: 3721)
  Rendered layout layouts/application.html.erb (Duration: 26.3ms | Allocations: 6006)
Completed 200 OK in 33ms (Views: 29.7ms | ActiveRecord: 0.3ms | Allocations: 6316)


Started DELETE "/friends" for ::1 at 2023-01-07 16:26:00 +0530
  
ActionController::RoutingError (No route matches [DELETE] "/friends"):
  
Started GET "/friends" for ::1 at 2023-01-07 16:26:00 +0530
Processing by FriendsController#index as HTML
  Rendering layout layouts/application.html.erb
  Rendering friends/index.html.erb within layouts/application
  [1m[36mFriend Load (0.4ms)[0m  [1m[34mSELECT "friends".* FROM "friends"[0m
  ↳ app/views/friends/index.html.erb:2
  Rendered friends/index.html.erb within layouts/application (Duration: 17.6ms | Allocations: 3730)
  Rendered layout layouts/application.html.erb (Duration: 27.4ms | Allocations: 6025)
Completed 200 OK in 33ms (Views: 28.6ms | ActiveRecord: 0.4ms | Allocations: 6312)


Started DELETE "/friends" for ::1 at 2023-01-07 16:26:04 +0530
  
ActionController::RoutingError (No route matches [DELETE] "/friends"):
  
Started GET "/friends" for ::1 at 2023-01-07 16:26:05 +0530
Processing by FriendsController#index as HTML
  Rendering layout layouts/application.html.erb
  Rendering friends/index.html.erb within layouts/application
  [1m[36mFriend Load (0.7ms)[0m  [1m[34mSELECT "friends".* FROM "friends"[0m
  ↳ app/views/friends/index.html.erb:2
  Rendered friends/index.html.erb within layouts/application (Duration: 16.5ms | Allocations: 3718)
  Rendered layout layouts/application.html.erb (Duration: 27.3ms | Allocations: 6010)
Completed 200 OK in 32ms (Views: 28.2ms | ActiveRecord: 0.7ms | Allocations: 6297)


Started GET "/friends" for ::1 at 2023-01-07 16:26:28 +0530
Processing by FriendsController#index as HTML
  Rendering layout layouts/application.html.erb
  Rendering friends/index.html.erb within layouts/application
  [1m[36mFriend Load (0.3ms)[0m  [1m[34mSELECT "friends".* FROM "friends"[0m
  ↳ app/views/friends/index.html.erb:2
  Rendered friends/index.html.erb within layouts/application (Duration: 18.1ms | Allocations: 4170)
  Rendered layout layouts/application.html.erb (Duration: 30.3ms | Allocations: 6819)
Completed 200 OK in 41ms (Views: 37.1ms | ActiveRecord: 0.3ms | Allocations: 7621)


Started DELETE "/friends/9" for ::1 at 2023-01-07 16:26:30 +0530
Processing by FriendsController#destroy as TURBO_STREAM
  Parameters: {"authenticity_token"=>"[FILTERED]", "id"=>"9"}
  [1m[36mFriend Load (0.6ms)[0m  [1m[34mSELECT "friends".* FROM "friends" WHERE "friends"."id" = ? LIMIT ?[0m  [["id", 9], ["LIMIT", 1]]
  ↳ app/controllers/friends_controller.rb:30:in `destroy'
  [1m[36mTRANSACTION (0.3ms)[0m  [1m[36mbegin transaction[0m
  ↳ app/controllers/friends_controller.rb:31:in `destroy'
  [1m[36mFriend Destroy (50.1ms)[0m  [1m[31mDELETE FROM "friends" WHERE "friends"."id" = ?[0m  [["id", 9]]
  ↳ app/controllers/friends_controller.rb:31:in `destroy'
  [1m[36mTRANSACTION (127.1ms)[0m  [1m[36mcommit transaction[0m
  ↳ app/controllers/friends_controller.rb:31:in `destroy'
Redirected to http://localhost:3000/friends
Completed 302 Found in 218ms (ActiveRecord: 178.1ms | Allocations: 2475)


Started GET "/friends" for ::1 at 2023-01-07 16:26:30 +0530
Processing by FriendsController#index as TURBO_STREAM
  Rendering layout layouts/application.html.erb
  Rendering friends/index.html.erb within layouts/application
  [1m[36mFriend Load (0.5ms)[0m  [1m[34mSELECT "friends".* FROM "friends"[0m
  ↳ app/views/friends/index.html.erb:2
  Rendered friends/index.html.erb within layouts/application (Duration: 16.1ms | Allocations: 3411)
  Rendered layout layouts/application.html.erb (Duration: 28.7ms | Allocations: 5696)
Completed 200 OK in 34ms (Views: 30.1ms | ActiveRecord: 0.5ms | Allocations: 6042)


Started GET "/friends/fdvdf" for ::1 at 2023-01-07 16:26:46 +0530
Processing by FriendsController#show as HTML
  Parameters: {"id"=>"fdvdf"}
  [1m[36mFriend Load (0.4ms)[0m  [1m[34mSELECT "friends".* FROM "friends" WHERE "friends"."id" = ? LIMIT ?[0m  [["id", nil], ["LIMIT", 1]]
  ↳ app/controllers/friends_controller.rb:7:in `show'
Completed 404 Not Found in 13ms (ActiveRecord: 0.4ms | Allocations: 923)


  
ActiveRecord::RecordNotFound (Couldn't find Friend with 'id'=fdvdf):
  
app/controllers/friends_controller.rb:7:in `show'
Started GET "/fr" for ::1 at 2023-01-07 16:26:56 +0530
  
ActionController::RoutingError (No route matches [GET] "/fr"):
  
  [1m[36mFriend Load (1.4ms)[0m  [1m[34mSELECT "friends".* FROM "friends" ORDER BY "friends"."id" DESC LIMIT ?[0m  [["LIMIT", 1]]
  [1m[36mTRANSACTION (0.4ms)[0m  [1m[36mbegin transaction[0m
  [1m[36mFriend Create (1.4ms)[0m  [1m[32mINSERT INTO "friends" ("name", "age", "created_at", "updated_at") VALUES (?, ?, ?, ?)[0m  [["name", "Nimi"], ["age", "23"], ["created_at", "2023-01-07 11:09:02.069666"], ["updated_at", "2023-01-07 11:09:02.069666"]]
  [1m[36mTRANSACTION (162.5ms)[0m  [1m[36mcommit transaction[0m
  [1m[36mFriend Load (0.2ms)[0m  [1m[34mSELECT "friends".* FROM "friends" ORDER BY "friends"."id" DESC LIMIT ?[0m  [["LIMIT", 1]]
  [1m[36mFriend Load (0.3ms)[0m  [1m[34mSELECT "friends".* FROM "friends" WHERE "friends"."id" = ? LIMIT ?[0m  [["id", 2], ["LIMIT", 1]]
  [1m[36mTRANSACTION (0.1ms)[0m  [1m[36mbegin transaction[0m
  [1m[36mFriend Update (1.2ms)[0m  [1m[33mUPDATE "friends" SET "age" = ?, "updated_at" = ? WHERE "friends"."id" = ?[0m  [["age", "43"], ["updated_at", "2023-01-07 11:12:34.819567"], ["id", 2]]
  [1m[36mTRANSACTION (145.5ms)[0m  [1m[36mcommit transaction[0m
  [1m[36mFriend Load (0.2ms)[0m  [1m[34mSELECT "friends".* FROM "friends" WHERE "friends"."id" = ? LIMIT ?[0m  [["id", 4], ["LIMIT", 1]]
  [1m[36mFriend Destroy (151.2ms)[0m  [1m[31mDELETE FROM "friends" WHERE "friends"."id" = ?[0m  [["id", 4]]
  [1m[36mFriend Load (0.2ms)[0m  [1m[34mSELECT "friends".* FROM "friends"[0m
